15:32:10.221 [main] - [] - ERROR c.a.d.p.DruidDataSource - [init,908] - init datasource error, url: ai+mCm8asbK9SNrQDk7ac29neidjdgHp2jFU7HYbZZM7XPIVnc3jn040SCi2ghsOJmvzo7Z8DsMWz0GJtHzk5fVkSVq8PVTLpt97W7e4//KN1tJ8luj3f2R4xGk6d01pnyaG7DyU2tsIMcGZTOl8T0kLJom6Izu9ePptW1UPa7MuTPWKDKUSCYKdQSv51ASxJE99hLodGgxEtGeRBhnlDigwekNCLkMQGvjVKTeDRDsro2ghN1qDTzmyCaGJQxMq
java.sql.SQLException: connect error, url ai+mCm8asbK9SNrQDk7ac29neidjdgHp2jFU7HYbZZM7XPIVnc3jn040SCi2ghsOJmvzo7Z8DsMWz0GJtHzk5fVkSVq8PVTLpt97W7e4//KN1tJ8luj3f2R4xGk6d01pnyaG7DyU2tsIMcGZTOl8T0kLJom6Izu9ePptW1UPa7MuTPWKDKUSCYKdQSv51ASxJE99hLodGgxEtGeRBhnlDigwekNCLkMQGvjVKTeDRDsro2ghN1qDTzmyCaGJQxMq, driverClass com.mysql.jdbc.Driver
	at com.alibaba.druid.pool.DruidAbstractDataSource.createPhysicalConnection(DruidAbstractDataSource.java:1778)
	at com.alibaba.druid.pool.DruidDataSource.init(DruidDataSource.java:904)
	at com.alibaba.druid.pool.DruidDataSource.getConnection(DruidDataSource.java:1391)
	at com.alibaba.druid.pool.DruidDataSource.getConnection(DruidDataSource.java:1387)
	at com.alibaba.druid.pool.DruidDataSource.getConnection(DruidDataSource.java:80)
	at com.github.foxnic.dao.spec.DAOBuilder.build(DAOBuilder.java:31)
	at com.dt.platform.framework.datasource.DAOConfig.primaryDAO(DAOConfig.java:56)
	at com.dt.platform.framework.datasource.DAOConfig$$EnhancerBySpringCGLIB$$e12f9aa5.CGLIB$primaryDAO$0(<generated>)
	at com.dt.platform.framework.datasource.DAOConfig$$EnhancerBySpringCGLIB$$e12f9aa5$$FastClassBySpringCGLIB$$8503f110.invoke(<generated>)
	at org.springframework.cglib.proxy.MethodProxy.invokeSuper(MethodProxy.java:244)
	at org.springframework.context.annotation.ConfigurationClassEnhancer$BeanMethodInterceptor.intercept(ConfigurationClassEnhancer.java:331)
	at com.dt.platform.framework.datasource.DAOConfig$$EnhancerBySpringCGLIB$$e12f9aa5.primaryDAO(<generated>)
	at sun.reflect.NativeMethodAccessorImpl.invoke0(Native Method)
	at sun.reflect.NativeMethodAccessorImpl.invoke(NativeMethodAccessorImpl.java:62)
	at sun.reflect.DelegatingMethodAccessorImpl.invoke(DelegatingMethodAccessorImpl.java:43)
	at java.lang.reflect.Method.invoke(Method.java:498)
	at org.springframework.beans.factory.support.SimpleInstantiationStrategy.instantiate(SimpleInstantiationStrategy.java:154)
	at org.springframework.beans.factory.support.ConstructorResolver.instantiate(ConstructorResolver.java:652)
	at org.springframework.beans.factory.support.ConstructorResolver.instantiateUsingFactoryMethod(ConstructorResolver.java:637)
	at org.springframework.beans.factory.support.AbstractAutowireCapableBeanFactory.instantiateUsingFactoryMethod(AbstractAutowireCapableBeanFactory.java:1341)
	at org.springframework.beans.factory.support.AbstractAutowireCapableBeanFactory.createBeanInstance(AbstractAutowireCapableBeanFactory.java:1181)
	at org.springframework.beans.factory.support.AbstractAutowireCapableBeanFactory.doCreateBean(AbstractAutowireCapableBeanFactory.java:556)
	at org.springframework.beans.factory.support.AbstractAutowireCapableBeanFactory.createBean(AbstractAutowireCapableBeanFactory.java:516)
	at org.springframework.beans.factory.support.AbstractBeanFactory.lambda$doGetBean$0(AbstractBeanFactory.java:324)
	at org.springframework.beans.factory.support.DefaultSingletonBeanRegistry.getSingleton(DefaultSingletonBeanRegistry.java:234)
	at org.springframework.beans.factory.support.AbstractBeanFactory.doGetBean(AbstractBeanFactory.java:322)
	at org.springframework.beans.factory.support.AbstractBeanFactory.getBean(AbstractBeanFactory.java:202)
	at org.springframework.beans.factory.config.DependencyDescriptor.resolveCandidate(DependencyDescriptor.java:276)
	at org.springframework.beans.factory.support.DefaultListableBeanFactory.doResolveDependency(DefaultListableBeanFactory.java:1307)
	at org.springframework.beans.factory.support.DefaultListableBeanFactory.resolveDependency(DefaultListableBeanFactory.java:1227)
	at org.springframework.beans.factory.annotation.AutowiredAnnotationBeanPostProcessor$AutowiredFieldElement.resolveFieldValue(AutowiredAnnotationBeanPostProcessor.java:657)
	at org.springframework.beans.factory.annotation.AutowiredAnnotationBeanPostProcessor$AutowiredFieldElement.inject(AutowiredAnnotationBeanPostProcessor.java:640)
	at org.springframework.beans.factory.annotation.InjectionMetadata.inject(InjectionMetadata.java:119)
	at org.springframework.beans.factory.annotation.AutowiredAnnotationBeanPostProcessor.postProcessProperties(AutowiredAnnotationBeanPostProcessor.java:399)
	at org.springframework.beans.factory.support.AbstractAutowireCapableBeanFactory.populateBean(AbstractAutowireCapableBeanFactory.java:1425)
	at org.springframework.beans.factory.support.AbstractAutowireCapableBeanFactory.doCreateBean(AbstractAutowireCapableBeanFactory.java:593)
	at org.springframework.beans.factory.support.AbstractAutowireCapableBeanFactory.createBean(AbstractAutowireCapableBeanFactory.java:516)
	at org.springframework.beans.factory.support.AbstractBeanFactory.lambda$doGetBean$0(AbstractBeanFactory.java:324)
	at org.springframework.beans.factory.support.DefaultSingletonBeanRegistry.getSingleton(DefaultSingletonBeanRegistry.java:234)
	at org.springframework.beans.factory.support.AbstractBeanFactory.doGetBean(AbstractBeanFactory.java:322)
	at org.springframework.beans.factory.support.AbstractBeanFactory.getBean(AbstractBeanFactory.java:202)
	at org.springframework.beans.factory.support.DefaultListableBeanFactory.preInstantiateSingletons(DefaultListableBeanFactory.java:897)
	at org.springframework.context.support.AbstractApplicationContext.finishBeanFactoryInitialization(AbstractApplicationContext.java:879)
	at org.springframework.context.support.AbstractApplicationContext.refresh(AbstractApplicationContext.java:551)
	at org.springframework.boot.web.servlet.context.ServletWebServerApplicationContext.refresh(ServletWebServerApplicationContext.java:143)
	at org.springframework.boot.SpringApplication.refresh(SpringApplication.java:755)
	at org.springframework.boot.SpringApplication.refresh(SpringApplication.java:747)
	at org.springframework.boot.SpringApplication.refreshContext(SpringApplication.java:402)
	at org.springframework.boot.SpringApplication.run(SpringApplication.java:312)
	at org.github.foxnic.web.framework.starter.BootApplication.run(BootApplication.java:59)
	at org.github.foxnic.web.wrapper.WrapperCamundaApp.main(WrapperCamundaApp.java:19)
15:32:10.224 [main] - [] - ERROR c.a.d.p.DruidDataSource - [init,950] - {dataSource-1} init error
java.sql.SQLException: connect error, url ai+mCm8asbK9SNrQDk7ac29neidjdgHp2jFU7HYbZZM7XPIVnc3jn040SCi2ghsOJmvzo7Z8DsMWz0GJtHzk5fVkSVq8PVTLpt97W7e4//KN1tJ8luj3f2R4xGk6d01pnyaG7DyU2tsIMcGZTOl8T0kLJom6Izu9ePptW1UPa7MuTPWKDKUSCYKdQSv51ASxJE99hLodGgxEtGeRBhnlDigwekNCLkMQGvjVKTeDRDsro2ghN1qDTzmyCaGJQxMq, driverClass com.mysql.jdbc.Driver
	at com.alibaba.druid.pool.DruidAbstractDataSource.createPhysicalConnection(DruidAbstractDataSource.java:1778)
	at com.alibaba.druid.pool.DruidDataSource.init(DruidDataSource.java:904)
	at com.alibaba.druid.pool.DruidDataSource.getConnection(DruidDataSource.java:1391)
	at com.alibaba.druid.pool.DruidDataSource.getConnection(DruidDataSource.java:1387)
	at com.alibaba.druid.pool.DruidDataSource.getConnection(DruidDataSource.java:80)
	at com.github.foxnic.dao.spec.DAOBuilder.build(DAOBuilder.java:31)
	at com.dt.platform.framework.datasource.DAOConfig.primaryDAO(DAOConfig.java:56)
	at com.dt.platform.framework.datasource.DAOConfig$$EnhancerBySpringCGLIB$$e12f9aa5.CGLIB$primaryDAO$0(<generated>)
	at com.dt.platform.framework.datasource.DAOConfig$$EnhancerBySpringCGLIB$$e12f9aa5$$FastClassBySpringCGLIB$$8503f110.invoke(<generated>)
	at org.springframework.cglib.proxy.MethodProxy.invokeSuper(MethodProxy.java:244)
	at org.springframework.context.annotation.ConfigurationClassEnhancer$BeanMethodInterceptor.intercept(ConfigurationClassEnhancer.java:331)
	at com.dt.platform.framework.datasource.DAOConfig$$EnhancerBySpringCGLIB$$e12f9aa5.primaryDAO(<generated>)
	at sun.reflect.NativeMethodAccessorImpl.invoke0(Native Method)
	at sun.reflect.NativeMethodAccessorImpl.invoke(NativeMethodAccessorImpl.java:62)
	at sun.reflect.DelegatingMethodAccessorImpl.invoke(DelegatingMethodAccessorImpl.java:43)
	at java.lang.reflect.Method.invoke(Method.java:498)
	at org.springframework.beans.factory.support.SimpleInstantiationStrategy.instantiate(SimpleInstantiationStrategy.java:154)
	at org.springframework.beans.factory.support.ConstructorResolver.instantiate(ConstructorResolver.java:652)
	at org.springframework.beans.factory.support.ConstructorResolver.instantiateUsingFactoryMethod(ConstructorResolver.java:637)
	at org.springframework.beans.factory.support.AbstractAutowireCapableBeanFactory.instantiateUsingFactoryMethod(AbstractAutowireCapableBeanFactory.java:1341)
	at org.springframework.beans.factory.support.AbstractAutowireCapableBeanFactory.createBeanInstance(AbstractAutowireCapableBeanFactory.java:1181)
	at org.springframework.beans.factory.support.AbstractAutowireCapableBeanFactory.doCreateBean(AbstractAutowireCapableBeanFactory.java:556)
	at org.springframework.beans.factory.support.AbstractAutowireCapableBeanFactory.createBean(AbstractAutowireCapableBeanFactory.java:516)
	at org.springframework.beans.factory.support.AbstractBeanFactory.lambda$doGetBean$0(AbstractBeanFactory.java:324)
	at org.springframework.beans.factory.support.DefaultSingletonBeanRegistry.getSingleton(DefaultSingletonBeanRegistry.java:234)
	at org.springframework.beans.factory.support.AbstractBeanFactory.doGetBean(AbstractBeanFactory.java:322)
	at org.springframework.beans.factory.support.AbstractBeanFactory.getBean(AbstractBeanFactory.java:202)
	at org.springframework.beans.factory.config.DependencyDescriptor.resolveCandidate(DependencyDescriptor.java:276)
	at org.springframework.beans.factory.support.DefaultListableBeanFactory.doResolveDependency(DefaultListableBeanFactory.java:1307)
	at org.springframework.beans.factory.support.DefaultListableBeanFactory.resolveDependency(DefaultListableBeanFactory.java:1227)
	at org.springframework.beans.factory.annotation.AutowiredAnnotationBeanPostProcessor$AutowiredFieldElement.resolveFieldValue(AutowiredAnnotationBeanPostProcessor.java:657)
	at org.springframework.beans.factory.annotation.AutowiredAnnotationBeanPostProcessor$AutowiredFieldElement.inject(AutowiredAnnotationBeanPostProcessor.java:640)
	at org.springframework.beans.factory.annotation.InjectionMetadata.inject(InjectionMetadata.java:119)
	at org.springframework.beans.factory.annotation.AutowiredAnnotationBeanPostProcessor.postProcessProperties(AutowiredAnnotationBeanPostProcessor.java:399)
	at org.springframework.beans.factory.support.AbstractAutowireCapableBeanFactory.populateBean(AbstractAutowireCapableBeanFactory.java:1425)
	at org.springframework.beans.factory.support.AbstractAutowireCapableBeanFactory.doCreateBean(AbstractAutowireCapableBeanFactory.java:593)
	at org.springframework.beans.factory.support.AbstractAutowireCapableBeanFactory.createBean(AbstractAutowireCapableBeanFactory.java:516)
	at org.springframework.beans.factory.support.AbstractBeanFactory.lambda$doGetBean$0(AbstractBeanFactory.java:324)
	at org.springframework.beans.factory.support.DefaultSingletonBeanRegistry.getSingleton(DefaultSingletonBeanRegistry.java:234)
	at org.springframework.beans.factory.support.AbstractBeanFactory.doGetBean(AbstractBeanFactory.java:322)
	at org.springframework.beans.factory.support.AbstractBeanFactory.getBean(AbstractBeanFactory.java:202)
	at org.springframework.beans.factory.support.DefaultListableBeanFactory.preInstantiateSingletons(DefaultListableBeanFactory.java:897)
	at org.springframework.context.support.AbstractApplicationContext.finishBeanFactoryInitialization(AbstractApplicationContext.java:879)
	at org.springframework.context.support.AbstractApplicationContext.refresh(AbstractApplicationContext.java:551)
	at org.springframework.boot.web.servlet.context.ServletWebServerApplicationContext.refresh(ServletWebServerApplicationContext.java:143)
	at org.springframework.boot.SpringApplication.refresh(SpringApplication.java:755)
	at org.springframework.boot.SpringApplication.refresh(SpringApplication.java:747)
	at org.springframework.boot.SpringApplication.refreshContext(SpringApplication.java:402)
	at org.springframework.boot.SpringApplication.run(SpringApplication.java:312)
	at org.github.foxnic.web.framework.starter.BootApplication.run(BootApplication.java:59)
	at org.github.foxnic.web.wrapper.WrapperCamundaApp.main(WrapperCamundaApp.java:19)
15:32:10.224 [main] - [] - ERROR c.d.p.f.d.DAOConfig - [primaryDAO,94] - 创建DAO失败
java.sql.SQLException: connect error, url ai+mCm8asbK9SNrQDk7ac29neidjdgHp2jFU7HYbZZM7XPIVnc3jn040SCi2ghsOJmvzo7Z8DsMWz0GJtHzk5fVkSVq8PVTLpt97W7e4//KN1tJ8luj3f2R4xGk6d01pnyaG7DyU2tsIMcGZTOl8T0kLJom6Izu9ePptW1UPa7MuTPWKDKUSCYKdQSv51ASxJE99hLodGgxEtGeRBhnlDigwekNCLkMQGvjVKTeDRDsro2ghN1qDTzmyCaGJQxMq, driverClass com.mysql.jdbc.Driver
	at com.alibaba.druid.pool.DruidAbstractDataSource.createPhysicalConnection(DruidAbstractDataSource.java:1778)
	at com.alibaba.druid.pool.DruidDataSource.init(DruidDataSource.java:904)
	at com.alibaba.druid.pool.DruidDataSource.getConnection(DruidDataSource.java:1391)
	at com.alibaba.druid.pool.DruidDataSource.getConnection(DruidDataSource.java:1387)
	at com.alibaba.druid.pool.DruidDataSource.getConnection(DruidDataSource.java:80)
	at com.github.foxnic.dao.spec.DAOBuilder.build(DAOBuilder.java:31)
	at com.dt.platform.framework.datasource.DAOConfig.primaryDAO(DAOConfig.java:56)
	at com.dt.platform.framework.datasource.DAOConfig$$EnhancerBySpringCGLIB$$e12f9aa5.CGLIB$primaryDAO$0(<generated>)
	at com.dt.platform.framework.datasource.DAOConfig$$EnhancerBySpringCGLIB$$e12f9aa5$$FastClassBySpringCGLIB$$8503f110.invoke(<generated>)
	at org.springframework.cglib.proxy.MethodProxy.invokeSuper(MethodProxy.java:244)
	at org.springframework.context.annotation.ConfigurationClassEnhancer$BeanMethodInterceptor.intercept(ConfigurationClassEnhancer.java:331)
	at com.dt.platform.framework.datasource.DAOConfig$$EnhancerBySpringCGLIB$$e12f9aa5.primaryDAO(<generated>)
	at sun.reflect.NativeMethodAccessorImpl.invoke0(Native Method)
	at sun.reflect.NativeMethodAccessorImpl.invoke(NativeMethodAccessorImpl.java:62)
	at sun.reflect.DelegatingMethodAccessorImpl.invoke(DelegatingMethodAccessorImpl.java:43)
	at java.lang.reflect.Method.invoke(Method.java:498)
	at org.springframework.beans.factory.support.SimpleInstantiationStrategy.instantiate(SimpleInstantiationStrategy.java:154)
	at org.springframework.beans.factory.support.ConstructorResolver.instantiate(ConstructorResolver.java:652)
	at org.springframework.beans.factory.support.ConstructorResolver.instantiateUsingFactoryMethod(ConstructorResolver.java:637)
	at org.springframework.beans.factory.support.AbstractAutowireCapableBeanFactory.instantiateUsingFactoryMethod(AbstractAutowireCapableBeanFactory.java:1341)
	at org.springframework.beans.factory.support.AbstractAutowireCapableBeanFactory.createBeanInstance(AbstractAutowireCapableBeanFactory.java:1181)
	at org.springframework.beans.factory.support.AbstractAutowireCapableBeanFactory.doCreateBean(AbstractAutowireCapableBeanFactory.java:556)
	at org.springframework.beans.factory.support.AbstractAutowireCapableBeanFactory.createBean(AbstractAutowireCapableBeanFactory.java:516)
	at org.springframework.beans.factory.support.AbstractBeanFactory.lambda$doGetBean$0(AbstractBeanFactory.java:324)
	at org.springframework.beans.factory.support.DefaultSingletonBeanRegistry.getSingleton(DefaultSingletonBeanRegistry.java:234)
	at org.springframework.beans.factory.support.AbstractBeanFactory.doGetBean(AbstractBeanFactory.java:322)
	at org.springframework.beans.factory.support.AbstractBeanFactory.getBean(AbstractBeanFactory.java:202)
	at org.springframework.beans.factory.config.DependencyDescriptor.resolveCandidate(DependencyDescriptor.java:276)
	at org.springframework.beans.factory.support.DefaultListableBeanFactory.doResolveDependency(DefaultListableBeanFactory.java:1307)
	at org.springframework.beans.factory.support.DefaultListableBeanFactory.resolveDependency(DefaultListableBeanFactory.java:1227)
	at org.springframework.beans.factory.annotation.AutowiredAnnotationBeanPostProcessor$AutowiredFieldElement.resolveFieldValue(AutowiredAnnotationBeanPostProcessor.java:657)
	at org.springframework.beans.factory.annotation.AutowiredAnnotationBeanPostProcessor$AutowiredFieldElement.inject(AutowiredAnnotationBeanPostProcessor.java:640)
	at org.springframework.beans.factory.annotation.InjectionMetadata.inject(InjectionMetadata.java:119)
	at org.springframework.beans.factory.annotation.AutowiredAnnotationBeanPostProcessor.postProcessProperties(AutowiredAnnotationBeanPostProcessor.java:399)
	at org.springframework.beans.factory.support.AbstractAutowireCapableBeanFactory.populateBean(AbstractAutowireCapableBeanFactory.java:1425)
	at org.springframework.beans.factory.support.AbstractAutowireCapableBeanFactory.doCreateBean(AbstractAutowireCapableBeanFactory.java:593)
	at org.springframework.beans.factory.support.AbstractAutowireCapableBeanFactory.createBean(AbstractAutowireCapableBeanFactory.java:516)
	at org.springframework.beans.factory.support.AbstractBeanFactory.lambda$doGetBean$0(AbstractBeanFactory.java:324)
	at org.springframework.beans.factory.support.DefaultSingletonBeanRegistry.getSingleton(DefaultSingletonBeanRegistry.java:234)
	at org.springframework.beans.factory.support.AbstractBeanFactory.doGetBean(AbstractBeanFactory.java:322)
	at org.springframework.beans.factory.support.AbstractBeanFactory.getBean(AbstractBeanFactory.java:202)
	at org.springframework.beans.factory.support.DefaultListableBeanFactory.preInstantiateSingletons(DefaultListableBeanFactory.java:897)
	at org.springframework.context.support.AbstractApplicationContext.finishBeanFactoryInitialization(AbstractApplicationContext.java:879)
	at org.springframework.context.support.AbstractApplicationContext.refresh(AbstractApplicationContext.java:551)
	at org.springframework.boot.web.servlet.context.ServletWebServerApplicationContext.refresh(ServletWebServerApplicationContext.java:143)
	at org.springframework.boot.SpringApplication.refresh(SpringApplication.java:755)
	at org.springframework.boot.SpringApplication.refresh(SpringApplication.java:747)
	at org.springframework.boot.SpringApplication.refreshContext(SpringApplication.java:402)
	at org.springframework.boot.SpringApplication.run(SpringApplication.java:312)
	at org.github.foxnic.web.framework.starter.BootApplication.run(BootApplication.java:59)
	at org.github.foxnic.web.wrapper.WrapperCamundaApp.main(WrapperCamundaApp.java:19)
15:32:10.225 [Druid-ConnectionPool-Create-1855589354] - [] - ERROR c.a.d.p.DruidDataSource - [run,2837] - create connection SQLException, url: ai+mCm8asbK9SNrQDk7ac29neidjdgHp2jFU7HYbZZM7XPIVnc3jn040SCi2ghsOJmvzo7Z8DsMWz0GJtHzk5fVkSVq8PVTLpt97W7e4//KN1tJ8luj3f2R4xGk6d01pnyaG7DyU2tsIMcGZTOl8T0kLJom6Izu9ePptW1UPa7MuTPWKDKUSCYKdQSv51ASxJE99hLodGgxEtGeRBhnlDigwekNCLkMQGvjVKTeDRDsro2ghN1qDTzmyCaGJQxMq, errorCode 0, state null
java.sql.SQLException: connect error, url ai+mCm8asbK9SNrQDk7ac29neidjdgHp2jFU7HYbZZM7XPIVnc3jn040SCi2ghsOJmvzo7Z8DsMWz0GJtHzk5fVkSVq8PVTLpt97W7e4//KN1tJ8luj3f2R4xGk6d01pnyaG7DyU2tsIMcGZTOl8T0kLJom6Izu9ePptW1UPa7MuTPWKDKUSCYKdQSv51ASxJE99hLodGgxEtGeRBhnlDigwekNCLkMQGvjVKTeDRDsro2ghN1qDTzmyCaGJQxMq, driverClass com.mysql.jdbc.Driver
	at com.alibaba.druid.pool.DruidAbstractDataSource.createPhysicalConnection(DruidAbstractDataSource.java:1778)
	at com.alibaba.druid.pool.DruidDataSource$CreateConnectionThread.run(DruidDataSource.java:2835)
15:32:10.225 [Druid-ConnectionPool-Create-1855589354] - [] - ERROR c.a.d.p.DruidDataSource - [run,2837] - create connection SQLException, url: ai+mCm8asbK9SNrQDk7ac29neidjdgHp2jFU7HYbZZM7XPIVnc3jn040SCi2ghsOJmvzo7Z8DsMWz0GJtHzk5fVkSVq8PVTLpt97W7e4//KN1tJ8luj3f2R4xGk6d01pnyaG7DyU2tsIMcGZTOl8T0kLJom6Izu9ePptW1UPa7MuTPWKDKUSCYKdQSv51ASxJE99hLodGgxEtGeRBhnlDigwekNCLkMQGvjVKTeDRDsro2ghN1qDTzmyCaGJQxMq, errorCode 0, state null
java.sql.SQLException: connect error, url ai+mCm8asbK9SNrQDk7ac29neidjdgHp2jFU7HYbZZM7XPIVnc3jn040SCi2ghsOJmvzo7Z8DsMWz0GJtHzk5fVkSVq8PVTLpt97W7e4//KN1tJ8luj3f2R4xGk6d01pnyaG7DyU2tsIMcGZTOl8T0kLJom6Izu9ePptW1UPa7MuTPWKDKUSCYKdQSv51ASxJE99hLodGgxEtGeRBhnlDigwekNCLkMQGvjVKTeDRDsro2ghN1qDTzmyCaGJQxMq, driverClass com.mysql.jdbc.Driver
	at com.alibaba.druid.pool.DruidAbstractDataSource.createPhysicalConnection(DruidAbstractDataSource.java:1778)
	at com.alibaba.druid.pool.DruidDataSource$CreateConnectionThread.run(DruidDataSource.java:2835)
15:32:10.244 [main] - [] - ERROR o.s.b.SpringApplication - [reportFailure,834] - Application run failed
org.springframework.beans.factory.UnsatisfiedDependencyException: Error creating bean with name 'CP': Unsatisfied dependency expressed through field 'dao'; nested exception is org.springframework.beans.factory.NoSuchBeanDefinitionException: No qualifying bean of type 'com.github.foxnic.dao.spec.DAO' available: expected at least 1 bean which qualifies as autowire candidate. Dependency annotations: {@org.springframework.beans.factory.annotation.Autowired(required=true)}
	at org.springframework.beans.factory.annotation.AutowiredAnnotationBeanPostProcessor$AutowiredFieldElement.resolveFieldValue(AutowiredAnnotationBeanPostProcessor.java:660)
	at org.springframework.beans.factory.annotation.AutowiredAnnotationBeanPostProcessor$AutowiredFieldElement.inject(AutowiredAnnotationBeanPostProcessor.java:640)
	at org.springframework.beans.factory.annotation.InjectionMetadata.inject(InjectionMetadata.java:119)
	at org.springframework.beans.factory.annotation.AutowiredAnnotationBeanPostProcessor.postProcessProperties(AutowiredAnnotationBeanPostProcessor.java:399)
	at org.springframework.beans.factory.support.AbstractAutowireCapableBeanFactory.populateBean(AbstractAutowireCapableBeanFactory.java:1425)
	at org.springframework.beans.factory.support.AbstractAutowireCapableBeanFactory.doCreateBean(AbstractAutowireCapableBeanFactory.java:593)
	at org.springframework.beans.factory.support.AbstractAutowireCapableBeanFactory.createBean(AbstractAutowireCapableBeanFactory.java:516)
	at org.springframework.beans.factory.support.AbstractBeanFactory.lambda$doGetBean$0(AbstractBeanFactory.java:324)
	at org.springframework.beans.factory.support.DefaultSingletonBeanRegistry.getSingleton(DefaultSingletonBeanRegistry.java:234)
	at org.springframework.beans.factory.support.AbstractBeanFactory.doGetBean(AbstractBeanFactory.java:322)
	at org.springframework.beans.factory.support.AbstractBeanFactory.getBean(AbstractBeanFactory.java:202)
	at org.springframework.beans.factory.support.DefaultListableBeanFactory.preInstantiateSingletons(DefaultListableBeanFactory.java:897)
	at org.springframework.context.support.AbstractApplicationContext.finishBeanFactoryInitialization(AbstractApplicationContext.java:879)
	at org.springframework.context.support.AbstractApplicationContext.refresh(AbstractApplicationContext.java:551)
	at org.springframework.boot.web.servlet.context.ServletWebServerApplicationContext.refresh(ServletWebServerApplicationContext.java:143)
	at org.springframework.boot.SpringApplication.refresh(SpringApplication.java:755)
	at org.springframework.boot.SpringApplication.refresh(SpringApplication.java:747)
	at org.springframework.boot.SpringApplication.refreshContext(SpringApplication.java:402)
	at org.springframework.boot.SpringApplication.run(SpringApplication.java:312)
	at org.github.foxnic.web.framework.starter.BootApplication.run(BootApplication.java:59)
	at org.github.foxnic.web.wrapper.WrapperCamundaApp.main(WrapperCamundaApp.java:19)
Caused by: org.springframework.beans.factory.NoSuchBeanDefinitionException: No qualifying bean of type 'com.github.foxnic.dao.spec.DAO' available: expected at least 1 bean which qualifies as autowire candidate. Dependency annotations: {@org.springframework.beans.factory.annotation.Autowired(required=true)}
	at org.springframework.beans.factory.support.DefaultListableBeanFactory.raiseNoMatchingBeanFound(DefaultListableBeanFactory.java:1717)
	at org.springframework.beans.factory.support.DefaultListableBeanFactory.doResolveDependency(DefaultListableBeanFactory.java:1312)
	at org.springframework.beans.factory.support.DefaultListableBeanFactory.resolveDependency(DefaultListableBeanFactory.java:1227)
	at org.springframework.beans.factory.annotation.AutowiredAnnotationBeanPostProcessor$AutowiredFieldElement.resolveFieldValue(AutowiredAnnotationBeanPostProcessor.java:657)
	... 20 common frames omitted
