#
# A fatal error has been detected by the Java Runtime Environment:
#
#  SIGBUS (0xa) at pc=0x00000001051cbc90, pid=37487, tid=0x000000000001e403
#
# JRE version: OpenJDK Runtime Environment (Zulu 8.60.0.21-CA-macos-aarch64) (8.0_322-b06) (build 1.8.0_322-b06)
# Java VM: OpenJDK 64-Bit Server VM (25.322-b06 mixed mode bsd-aarch64 compressed oops)
# Problematic frame:
# V  [libjvm.dylib+0x63c90]  Annotations::make_java_array(Array<unsigned char>*, Thread*)+0x6c
#
# Failed to write core dump. Core dumps have been disabled. To enable core dumping, try "ulimit -c unlimited" before starting Java again
#
# If you would like to submit a bug report, please visit:
#   http://www.azul.com/support/
#

---------------  T H R E A D  ---------------

Current thread (0x00000001585cd000):  JavaThread "XNIO-1 task-5" [_thread_in_vm, id=123907, stack(0x00000002fc920000,0x00000002fcb23000)]

siginfo: si_signo: 10 (SIGBUS), si_code: 1 (BUS_ADRALN), si_addr: 0x00000002fa874000

Registers:
 x0=0x0000000771b74b18  x1=0x0000000771b74b18  x2=0x00000000057dd820  x3=0x00000001585cd000
 x4=0x00000001585cd000  x5=0x000000012000f398  x6=0x00000001585cd000  x7=0x00000006c1ad2878
 x8=0x00000000001f35fc  x9=0x00000002fa680a04 x10=0x000000010580dec9 x11=0x0000000000000010
x12=0x0000000000000018 x13=0x0000000000000000 x14=0x0000000771b74b28 x15=0x00000006c4aa58b0
x16=0x0000000000000020 x17=0x00006000026d2b50 x18=0x0000000000000000 x19=0x00000000057dd810
x20=0x00000002fa680a00 x21=0x00000001585cd000 x22=0x000000012000f3c0 x23=0x000000012000f310
x24=0x000000012000f3a8 x25=0x000000012000f3b0 x26=0x0000000000000001 x27=0x000000012000f3b8
x28=0x00000008003df508  fp=0x00000002fcb1c410  lr=0x00000001051cbc60  sp=0x00000002fcb1c3f0
pc=0x00000001051cbc90 cpsr=0x0000000020001000
Top of Stack: (sp=0x00000002fcb1c3f0)
0x00000002fcb1c3f0:   000000012000f3c0 0000000000000006
0x00000002fcb1c400:   00000002fcb1c4d8 00000001585cd000
0x00000002fcb1c410:   00000002fcb1c4b0 000000010560aa3c
0x00000002fcb1c420:   0000000000000016 00000002fa1733a0
0x00000002fcb1c430:   00000001585cd000 00000006c36e0ac8
0x00000002fcb1c440:   0000600001838a20 000000000000005a
0x00000002fcb1c450:   0000000000000063 0000000100000005
0x00000002fcb1c460:   0000000000000015 0000600002f89fe0
0x00000002fcb1c470:   00000002fa1733a0 0000000000000005
0x00000002fcb1c480:   00006000015ea958 0000000146ed2710
0x00000002fcb1c490:   00000008003df508 0000000000000000
0x00000002fcb1c4a0:   00000001585cd000 0000600002f89fe0
0x00000002fcb1c4b0:   00000002fcb1c590 0000000105471c9c
0x00000002fcb1c4c0:   00000001585cd258 00000008003df508
0x00000002fcb1c4d0:   0000000800008e10 00000002fa1733a0
0x00000002fcb1c4e0:   00000001585cd000 00000001585cd000
0x00000002fcb1c4f0:   00000002fcb1c500 00006000026d2b20
0x00000002fcb1c500:   0000000146ed2700 0000000146ed2710
0x00000002fcb1c510:   0000000146ed2ae8 00000000000003d8
0x00000002fcb1c520:   00000001057d9f28 0000000010f477e2
0x00000002fcb1c530:   0000000000000000 0000000000000000
0x00000002fcb1c540:   00000001585cd000 0000000000000000
0x00000002fcb1c550:   000000011d8aa0d0 00000002fcb22e30
0x00000002fcb1c560:   00000002fcb1ca08 0000000105ea6a00
0x00000002fcb1c570:   00000001585cd000 00000001585cd258
0x00000002fcb1c580:   00000002fcb1c5e0 0000000000000000
0x00000002fcb1c590:   00000002fcb1c5d0 00000001054717a4
0x00000002fcb1c5a0:   00000001585cd000 00000001585cd000
0x00000002fcb1c5b0:   000000011c1f539e 000000010581bbd0
0x00000002fcb1c5c0:   00000002fcb1c968 00000000000000b8
0x00000002fcb1c5d0:   00000002fcb1c630 00000001062f2834
0x00000002fcb1c5e0:   00000006c1ad2878 00000006c00e1480 

Instructions: (pc=0x00000001051cbc90)
0x00000001051cbc70:   7100067f 5400020b d2800008 91001289
0x00000001051cbc80:   d000320a 913b254a 5280020b 5280030c
0x00000001051cbc90:   3868692d 3940014e 710001df 9a8b018e
0x00000001051cbca0:   8b0001ce 382869cd 91000508 eb08027f 

Register to memory mapping:

 x0=0x0000000771b74b18 is an oop
[B 
 - klass: {type array byte}
 - length: 92133392
 x1=0x0000000771b74b18 is an oop
[B 
 - klass: {type array byte}
 - length: 92133392
 x2=0x00000000057dd820 is an unknown value
 x3=0x00000001585cd000 is a thread
 x4=0x00000001585cd000 is a thread
 x5=0x000000012000f398 is an unknown value
 x6=0x00000001585cd000 is a thread
 x7=0x00000006c1ad2878 is an oop
java.lang.Class 
 - klass: 'java/lang/Class'
 x8=0x00000000001f35fc is an unknown value
 x9=0x00000002fa680a04 is pointing into metadata
x10=0x000000010580dec9: UseCompressedClassPointers+0 in /Library/Java/JavaVirtualMachines/zulu-8.jdk/Contents/Home/jre/lib/server/libjvm.dylib at 0x0000000105168000
x11=0x0000000000000010 is an unknown value
x12=0x0000000000000018 is an unknown value
x13=0x0000000000000000 is an unknown value
x14=0x0000000771b74b28 is an oop
