#
# A fatal error has been detected by the Java Runtime Environment:
#
#  SIGSEGV (0xb) at pc=0x0000000105db28cc, pid=88542, tid=0x000000000000cb03
#
# JRE version: OpenJDK Runtime Environment (Zulu 8.60.0.21-CA-macos-aarch64) (8.0_322-b06) (build 1.8.0_322-b06)
# Java VM: OpenJDK 64-Bit Server VM (25.322-b06 mixed mode bsd-aarch64 compressed oops)
# Problematic frame:
# V  [libjvm.dylib+0x7a8cc]  TreeList<Metablock, FreeList<Metablock>>::remove_chunk_replace_if_needed(TreeChunk<Metablock, FreeList<Metablock>>*)+0x10
#
# Failed to write core dump. Core dumps have been disabled. To enable core dumping, try "ulimit -c unlimited" before starting Java again
#
# If you would like to submit a bug report, please visit:
#   http://www.azul.com/support/
#

---------------  T H R E A D  ---------------

Current thread (0x000000013ef30000):  JavaThread "quartz_Worker-2" [_thread_in_vm, id=51971, stack(0x000000017ee8c000,0x000000017f08f000)]

siginfo: si_signo: 11 (SIGSEGV), si_code: 2 (SEGV_ACCERR), si_addr: 0x0000000000000000

Registers:
 x0=0x0000000000000000  x1=0x00000001403b25c0  x2=0x0000000000000000  x3=0x000000000000000a
 x4=0x000000013ef30000  x5=0x000000013ef30000  x6=0x0000000000000000  x7=0x000000013ef30000
 x8=0x00000001403b25c0  x9=0x00000001403b25c0 x10=0x0000000000000030 x11=0x000000000000005f
x12=0x000000012ef89408 x13=0x000000000000000f x14=0x000000012ef89408 x15=0x0000000000000000
x16=0x0000000000000020 x17=0x0000600002abc150 x18=0x0000000000000000 x19=0x00000001403b25c0
x20=0x0000600002563240 x21=0x000000000000005f x22=0x0000000000000000 x23=0x0000600000140060
x24=0x0000000000000001 x25=0x000000013ef30000 x26=0x0000000000000000 x27=0x0000600002550040
x28=0x000000013ef30000  fp=0x000000017f08e1a0  lr=0x0000000105db2b30  sp=0x000000017f08e190
pc=0x0000000105db28cc cpsr=0x0000000020001000
Top of Stack: (sp=0x000000017f08e190)
0x000000017f08e190:   0000600002563240 00000001403b25c0
0x000000017f08e1a0:   000000017f08e1d0 0000000105db2b30
0x000000017f08e1b0:   00000001063bb000 000000000000005f
0x000000017f08e1c0:   00006000001503c0 00000001403b25c0
0x000000017f08e1d0:   000000017f08e1f0 0000000105db2afc
0x000000017f08e1e0:   00006000001503c0 0000600000150410
0x000000017f08e1f0:   000000017f08e220 0000000106143880
0x000000017f08e200:   000000013ef30000 000000000000005f
0x000000017f08e210:   00006000001503c0 0000600000b50280
0x000000017f08e220:   000000017f08e250 0000000106145b8c
0x000000017f08e230:   000000013ef30000 0000600000140060
0x000000017f08e240:   000000000000000a 000000000000005f
0x000000017f08e250:   000000017f08e290 0000000106148048
0x000000017f08e260:   000000013ef30000 000000012ef89408
0x000000017f08e270:   00006000021d9f20 0000600000140060
0x000000017f08e280:   000000013ef30000 000000017f08e300
0x000000017f08e290:   000000017f08e2f0 0000000106154488
0x000000017f08e2a0:   000000012ef89408 00006000021d9f20
0x000000017f08e2b0:   000000012ef89408 000000013ef30000
0x000000017f08e2c0:   000000012ef89408 00006000021d9f20
0x000000017f08e2d0:   0000600000140060 0000600000b4d980
0x000000017f08e2e0:   000000013ef30000 000000017f08e350
0x000000017f08e2f0:   000000017f08e340 000000010614c768
0x000000017f08e300:   000000012ef89408 000000013ef30000
0x000000017f08e310:   000000012ef89408 00006000021d9f20
0x000000017f08e320:   0000000000000000 000000012ef89408
0x000000017f08e330:   00006000021d9f20 000000013ef30000
0x000000017f08e340:   000000017f08e380 0000000105d970d0
0x000000017f08e350:   000000012ef89408 000000013ef30000
0x000000017f08e360:   0000000000000000 000000017f08e460
0x000000017f08e370:   0000600002550040 000000013ef30000
0x000000017f08e380:   000000017f08e400 0000000105d9799c 

Instructions: (pc=0x0000000105db28cc)
0x0000000105db28ac:   d65f03c0 aa0803e0 d65f03c0 d65f03c0
0x0000000105db28bc:   a9be4ff4 a9017bfd 910043fd aa0103e8
0x0000000105db28cc:   f9400009 f9400421 eb09011f 540000c0
0x0000000105db28dc:   f9400908 b4000441 f9000501 f9000828 

Register to memory mapping:

 x0=0x0000000000000000 is an unknown value
 x1=0x00000001403b25c0 is pointing into metadata
 x2=0x0000000000000000 is an unknown value
 x3=0x000000000000000a is an unknown value
 x4=0x000000013ef30000 is a thread
 x5=0x000000013ef30000 is a thread
 x6=0x0000000000000000 is an unknown value
 x7=0x000000013ef30000 is a thread
 x8=0x00000001403b25c0 is pointing into metadata
 x9=0x00000001403b25c0 is pointing into metadata
x10=0x0000000000000030 is an unknown value
x11=0x000000000000005f is an unknown value
x12={method} {0x000000012ef89408} 'executionComplete' '(Lorg/quartz/JobExecutionContext;Lorg/quartz/JobExecutionException;)Lorg/quartz/Trigger$CompletedExecutionInstruction;' in 'org/quartz/impl/triggers/AbstractTrigger'
x13=0x000000000000000f is an unknown value
x14={method} {0x000000012ef89408} 'executionComplete' '(Lorg/quartz/JobExecutionContext;Lorg/quartz/JobExecutionException;)Lorg/quartz/Trigger$CompletedExecutionInstruction;' in 'org/quartz/impl/triggers/AbstractTrigger'
x15=0x0000000000000000 is an unknown value
x16=0x0000000000000020 is an unknown value
x17=0x0000600002abc150 is an unknown value
x18=0x0000000000000000 is an unknown value
x19=0x00000001403b25c0 is pointing into metadata
x20=0x0000600002563240 is an unknown value
x21=0x000000000000005f is an unknown value
x22=0x0000000000000000 is an unknown value
x23=0x0000600000140060 is an unknown value
x24=0x0000000000000001 is an unknown value
x25=0x000000013ef30000 is a thread
x26=0x0000000000000000 is an unknown value
x27=0x0000600002550040 is an unknown value
x28=0x000000013ef30000 is a thread


Stack: [0x000000017ee8c000,0x000000017f08f000],  sp=0x000000017f08e190,  free space=2056k
Native frames: (J=compiled Java code, j=interpreted, Vv=VM code, C=native code)
V  [libjvm.dylib+0x7a8cc]  TreeList<Metablock, FreeList<Metablock>>::remove_chunk_replace_if_needed(TreeChunk<Metablock, FreeList<Metablock>>*)+0x10
V  [libjvm.dylib+0x7ab30]  BinaryTreeDictionary<Metablock, FreeList<Metablock>>::remove_chunk_from_tree(TreeChunk<Metablock, FreeList<Metablock>>*)+0x24
V  [libjvm.dylib+0x7aafc]  BinaryTreeDictionary<Metablock, FreeList<Metablock>>::get_chunk_from_tree(unsigned long, FreeBlockDictionary<Metablock>::Dither)+0x74
V  [libjvm.dylib+0x40b880]  BlockFreelist::get_block(unsigned long)+0x40
V  [libjvm.dylib+0x40db8c]  SpaceManager::allocate(unsigned long)+0x70
V  [libjvm.dylib+0x410048]  Metaspace::allocate(ClassLoaderData*, unsigned long, bool, MetaspaceObj::Type, Thread*)+0x74
V  [libjvm.dylib+0x41c488]  MethodData::allocate(ClassLoaderData*, methodHandle, Thread*)+0x12c
V  [libjvm.dylib+0x414768]  Method::build_interpreter_method_data(methodHandle, Thread*)+0xdc
V  [libjvm.dylib+0x5f0d0]  AdvancedThresholdPolicy::create_mdo(methodHandle, JavaThread*)+0xbc
V  [libjvm.dylib+0x5f99c]  AdvancedThresholdPolicy::method_invocation_event(methodHandle, methodHandle, CompLevel, nmethod*, JavaThread*)+0x1a4
V  [libjvm.dylib+0x4d01b4]  SimpleThresholdPolicy::event(methodHandle, methodHandle, int, int, CompLevel, nmethod*, JavaThread*)+0x6f0
V  [libjvm.dylib+0x2836a4]  InterpreterRuntime::frequency_counter_overflow_inner(JavaThread*, unsigned char*)+0x17c
V  [libjvm.dylib+0x2834b8]  InterpreterRuntime::frequency_counter_overflow(JavaThread*, unsigned char*)+0x1c
j  org.quartz.impl.triggers.AbstractTrigger.executionComplete(Lorg/quartz/JobExecutionContext;Lorg/quartz/JobExecutionException;)Lorg/quartz/Trigger$CompletedExecutionInstruction;+0
J 15579 C1 org.quartz.core.JobRunShell.run()V (711 bytes) @ 0x0000000108aac184 [0x0000000108aab440+0xd44]
j  org.quartz.simpl.SimpleThreadPool$WorkerThread.run()V+62
v  ~StubRoutines::call_stub
V  [libjvm.dylib+0x289d70]  JavaCalls::call_helper(JavaValue*, methodHandle*, JavaCallArguments*, Thread*)+0x834
V  [libjvm.dylib+0x2887fc]  JavaCalls::call_virtual(JavaValue*, KlassHandle, Symbol*, Symbol*, JavaCallArguments*, Thread*)+0x1a4
V  [libjvm.dylib+0x288a50]  JavaCalls::call_virtual(JavaValue*, Handle, KlassHandle, Symbol*, Symbol*, Thread*)+0x60
V  [libjvm.dylib+0x3118d0]  thread_entry(JavaThread*, Thread*)+0x78
V  [libjvm.dylib+0x524408]  JavaThread::thread_main_inner()+0x80
V  [libjvm.dylib+0x5242a4]  JavaThread::run()+0x198
V  [libjvm.dylib+0x456874]  java_start(Thread*)+0x10c
C  [libsystem_pthread.dylib+0x6fa8]  _pthread_start+0x94
C  [libsystem_pthread.dylib+0x1da0]  thread_start+0x8

Java frames: (J=compiled Java code, j=interpreted, Vv=VM code)
j  org.quartz.impl.triggers.AbstractTrigger.executionComplete(Lorg/quartz/JobExecutionContext;Lorg/quartz/JobExecutionException;)Lorg/quartz/Trigger$CompletedExecutionInstruction;+0
J 15579 C1 org.quartz.core.JobRunShell.run()V (711 bytes) @ 0x0000000108aac184 [0x0000000108aab440+0xd44]
j  org.quartz.simpl.SimpleThreadPool$WorkerThread.run()V+62
v  ~StubRoutines::call_stub

---------------  P R O C E S S  ---------------

Java Threads: ( => current thread )
  0x000000011fc81800 JavaThread "ForkJoinPool-2-worker-14" daemon [_thread_blocked, id=97799, stack(0x000000030564c000,0x000000030584f000)]
  0x000000011fcd5800 JavaThread "ForkJoinPool-1-worker-7" daemon [_thread_blocked, id=96775, stack(0x0000000305440000,0x0000000305643000)]
  0x000000013f214800 JavaThread "ForkJoinPool-1-worker-14" daemon [_thread_blocked, id=96263, stack(0x0000000305234000,0x0000000305437000)]
  0x000000011fcd4800 JavaThread "ForkJoinPool-1-worker-5" daemon [_thread_blocked, id=97031, stack(0x0000000305028000,0x000000030522b000)]
  0x000000013ec16000 JavaThread "ForkJoinPool-1-worker-12" daemon [_thread_blocked, id=98059, stack(0x0000000304e1c000,0x000000030501f000)]
  0x000000011ff10800 JavaThread "ForkJoinPool-1-worker-3" daemon [_thread_blocked, id=98315, stack(0x0000000304c10000,0x0000000304e13000)]
  0x0000000128df1800 JavaThread "DoubleCache" [_thread_blocked, id=102147, stack(0x0000000307f3c000,0x000000030813f000)]
  0x000000013df07800 JavaThread "DoubleCache" [_thread_blocked, id=98831, stack(0x0000000305e7c000,0x000000030607f000)]
  0x000000011fbec800 JavaThread "DoubleCache" [_thread_blocked, id=101635, stack(0x0000000307d30000,0x0000000307f33000)]
  0x000000011fbeb800 JavaThread "DoubleCache" [_thread_blocked, id=101123, stack(0x0000000307b24000,0x0000000307d27000)]
  0x000000013bbec800 JavaThread "DoubleCache" [_thread_blocked, id=100611, stack(0x0000000307918000,0x0000000307b1b000)]
  0x000000011ff16000 JavaThread "DoubleCache" [_thread_blocked, id=116483, stack(0x000000030770c000,0x000000030790f000)]
  0x0000000128e76000 JavaThread "DoubleCache" [_thread_blocked, id=116739, stack(0x0000000307500000,0x0000000307703000)]
  0x000000013bbec000 JavaThread "DoubleCache" [_thread_blocked, id=117251, stack(0x00000003072f4000,0x00000003074f7000)]
  0x000000011ff15000 JavaThread "DoubleCache" [_thread_blocked, id=117763, stack(0x00000003070e8000,0x00000003072eb000)]
  0x000000011ff0b000 JavaThread "DoubleCache" [_thread_blocked, id=118275, stack(0x0000000306edc000,0x00000003070df000)]
  0x000000013bc03800 JavaThread "DoubleCache" [_thread_blocked, id=96519, stack(0x00000003064a0000,0x00000003066a3000)]
  0x000000013bc0a800 JavaThread "DoubleCache" [_thread_blocked, id=98567, stack(0x0000000306294000,0x0000000306497000)]
  0x000000013df42800 JavaThread "DoubleCache" [_thread_blocked, id=99843, stack(0x0000000306cd0000,0x0000000306ed3000)]
  0x000000013df38000 JavaThread "DoubleCache" [_thread_blocked, id=121351, stack(0x0000000305858000,0x0000000305a5b000)]
  0x000000011f865000 JavaThread "DoubleCache" [_thread_blocked, id=118787, stack(0x0000000306ac4000,0x0000000306cc7000)]
  0x000000013bbff000 JavaThread "DoubleCache" [_thread_blocked, id=119307, stack(0x00000003068b8000,0x0000000306abb000)]
  0x000000012b9e3000 JavaThread "MarlinRenderer Disposer" daemon [_thread_blocked, id=95747, stack(0x0000000304804000,0x0000000304a07000)]
  0x0000000128e96000 JavaThread "DoubleCache" [_thread_blocked, id=123403, stack(0x0000000303c1c000,0x0000000303e1f000)]
  0x0000000303058800 JavaThread "DoubleCache" [_thread_blocked, id=48135, stack(0x0000000303a10000,0x0000000303c13000)]
  0x000000013bad5000 JavaThread "XNIO-1 task-8" [_thread_blocked, id=54535, stack(0x0000000303804000,0x0000000303a07000)]
  0x000000012b9c4000 JavaThread "XNIO-1 task-7" [_thread_blocked, id=65543, stack(0x0000000302cc4000,0x0000000302ec7000)]
  0x000000011fbcd000 JavaThread "XNIO-1 task-6" [_thread_blocked, id=58887, stack(0x0000000302ab8000,0x0000000302cbb000)]
  0x000000011fbb9800 JavaThread "XNIO-1 task-5" [_thread_blocked, id=66059, stack(0x0000000301658000,0x000000030185b000)]
  0x000000011fb99800 JavaThread "XNIO-1 task-4" [_thread_blocked, id=130055, stack(0x000000030144c000,0x000000030164f000)]
  0x000000012b9b6800 JavaThread "XNIO-1 task-3" [_thread_blocked, id=66571, stack(0x00000002fef80000,0x00000002ff183000)]
  0x000000013deb1800 JavaThread "DoubleCache" [_thread_blocked, id=59911, stack(0x0000000280c4c000,0x0000000280e4f000)]
  0x000000013b8af000 JavaThread "DoubleCache" [_thread_blocked, id=75839, stack(0x0000000280a40000,0x0000000280c43000)]
  0x000000011fb34800 JavaThread "XNIO-1 task-2" [_thread_blocked, id=125447, stack(0x0000000280628000,0x000000028082b000)]
  0x000000013de0c000 JavaThread "XNIO-1 task-1" [_thread_blocked, id=92943, stack(0x000000017e038000,0x000000017e23b000)]
  0x000000013ed4f000 JavaThread "simple-taskmgr" [_thread_blocked, id=86539, stack(0x000000017cbc0000,0x000000017cdc3000)]
  0x000000013d0b3000 JavaThread "simple-taskmgr" [_thread_blocked, id=60423, stack(0x00000002ff398000,0x00000002ff59b000)]
  0x000000013d030000 JavaThread "simple-taskmgr" [_thread_blocked, id=61191, stack(0x000000017d1e4000,0x000000017d3e7000)]
  0x0000000128ee7000 JavaThread "simple-taskmgr" [_thread_blocked, id=129543, stack(0x00000002ff18c000,0x00000002ff38f000)]
  0x000000013c09b800 JavaThread "simple-taskmgr" [_thread_blocked, id=47623, stack(0x000000017c9b4000,0x000000017cbb7000)]
  0x000000013dc31800 JavaThread "simple-taskmgr" [_thread_blocked, id=59399, stack(0x000000017de2c000,0x000000017e02f000)]
  0x000000013eda5800 JavaThread "simple-taskmgr" [_thread_blocked, id=88839, stack(0x00000002fed74000,0x00000002fef77000)]
  0x000000013eda0800 JavaThread "simple-taskmgr" [_thread_blocked, id=48903, stack(0x000000017d3f0000,0x000000017d5f3000)]
  0x0000000128d9d800 JavaThread "simple-taskmgr" [_thread_blocked, id=89351, stack(0x000000017d804000,0x000000017da07000)]
  0x000000013ec68800 JavaThread "simple-taskmgr" [_thread_blocked, id=46855, stack(0x000000017c390000,0x000000017c593000)]
  0x000000011f85d000 JavaThread "Thread-174" daemon [_thread_in_native, id=95235, stack(0x00000003024ac000,0x00000003026af000)]
  0x000000011fa64000 JavaThread "simple-taskmgr" [_thread_blocked, id=61959, stack(0x0000000281270000,0x0000000281473000)]
  0x000000013f0ff800 JavaThread "magic-task-8" [_thread_blocked, id=85007, stack(0x000000017cdcc000,0x000000017cfcf000)]
  0x000000013f03e000 JavaThread "magic-task-7" [_thread_blocked, id=94979, stack(0x00000003022a0000,0x00000003024a3000)]
  0x000000011fd80800 JavaThread "magic-task-6" [_thread_blocked, id=94467, stack(0x0000000302094000,0x0000000302297000)]
  0x000000013f031800 JavaThread "simple-taskmgr" [_thread_blocked, id=94211, stack(0x0000000301e88000,0x000000030208b000)]
  0x000000013e0d2000 JavaThread "magic-task-5" [_thread_blocked, id=93699, stack(0x0000000301c7c000,0x0000000301e7f000)]
  0x000000013e018000 JavaThread "magic-task-4" [_thread_in_native, id=54279, stack(0x000000017fad4000,0x000000017fcd7000)]
  0x000000011faa7000 JavaThread "magic-task-3" [_thread_blocked, id=124683, stack(0x0000000301a70000,0x0000000301c73000)]
  0x000000013f045000 JavaThread "simple-taskmgr" [_thread_in_native, id=125191, stack(0x0000000301864000,0x0000000301a67000)]
  0x0000000128f71800 JavaThread "DestroyJavaVM" [_thread_blocked, id=4867, stack(0x000000016af28000,0x000000016b12b000)]
  0x000000013dddb800 JavaThread "magic-task-2" [_thread_blocked, id=92675, stack(0x0000000301240000,0x0000000301443000)]
  0x000000013ddd7800 JavaThread "magic-task-1" [_thread_blocked, id=91159, stack(0x0000000301034000,0x0000000301237000)]
  0x000000013e043800 JavaThread "QuartzScheduler_FWS-lankLdeMacBook-Pro.local1717290026875_MisfireHandler" [_thread_in_native, id=125955, stack(0x0000000300e28000,0x000000030102b000)]
  0x000000013e042800 JavaThread "QuartzScheduler_FWS-lankLdeMacBook-Pro.local1717290026875_ClusterManager" [_thread_blocked, id=92167, stack(0x0000000300c1c000,0x0000000300e1f000)]
  0x000000011fd7d000 JavaThread "DoubleCache" [_thread_blocked, id=91651, stack(0x0000000300a10000,0x0000000300c13000)]
  0x000000013f046800 JavaThread "DoubleCache" [_thread_blocked, id=126731, stack(0x0000000300804000,0x0000000300a07000)]
  0x0000000128f66000 JavaThread "simple-taskmgr" [_thread_blocked, id=54027, stack(0x000000017f8c8000,0x000000017facb000)]
  0x0000000128ed2800 JavaThread "DoubleCache" [_thread_blocked, id=126979, stack(0x00000003005f8000,0x00000003007fb000)]
  0x000000012b8dc000 JavaThread "DoubleCache" [_thread_blocked, id=127491, stack(0x00000003003ec000,0x00000003005ef000)]
  0x0000000128a4a000 JavaThread "DoubleCache" [_thread_blocked, id=90883, stack(0x00000002ffdd4000,0x00000002fffd7000)]
  0x000000013ddb0800 JavaThread "DoubleCache" [_thread_blocked, id=90631, stack(0x00000002ffbc8000,0x00000002ffdcb000)]
  0x000000013ba67000 JavaThread "session-interactive" [_thread_in_native, id=90371, stack(0x00000002ff9bc000,0x00000002ffbbf000)]
  0x000000013c673000 JavaThread "simple-taskmgr" [_thread_in_native, id=128779, stack(0x00000002ff7b0000,0x00000002ff9b3000)]
  0x0000000128d29800 JavaThread "simple-taskmgr" [_thread_blocked, id=89603, stack(0x00000002ff5a4000,0x00000002ff7a7000)]
  0x0000000128d1c800 JavaThread "session-interactive" [_thread_blocked, id=88579, stack(0x00000002feb68000,0x00000002fed6b000)]
  0x0000000128a17000 JavaThread "simple-taskmgr" [_thread_blocked, id=88067, stack(0x00000002fe95c000,0x00000002feb5f000)]
  0x0000000128ad0000 JavaThread "scheduling-1" [_thread_blocked, id=130823, stack(0x00000002fe750000,0x00000002fe953000)]
  0x000000013daac800 JavaThread "XNIO-1 Accept" [_thread_in_native, id=87555, stack(0x00000002fe544000,0x00000002fe747000)]
  0x000000013ed88000 JavaThread "XNIO-1 I/O-8" [_thread_in_native, id=77059, stack(0x00000002fe338000,0x00000002fe53b000)]
  0x000000011fd36000 JavaThread "XNIO-1 I/O-7" [_thread_in_native, id=77571, stack(0x00000002fe12c000,0x00000002fe32f000)]
  0x000000013ba51800 JavaThread "XNIO-1 I/O-6" [_thread_in_native, id=76547, stack(0x00000002fdf20000,0x00000002fe123000)]
  0x000000013ed87000 JavaThread "XNIO-1 I/O-5" [_thread_in_native, id=78083, stack(0x00000002fdd14000,0x00000002fdf17000)]
  0x000000013ed86000 JavaThread "XNIO-1 I/O-4" [_thread_in_native, id=78595, stack(0x00000002fdb08000,0x00000002fdd0b000)]
  0x000000013ed85800 JavaThread "XNIO-1 I/O-3" [_thread_in_native, id=79107, stack(0x00000002fd8fc000,0x00000002fdaff000)]
  0x000000013ee87800 JavaThread "XNIO-1 I/O-2" [_thread_in_native, id=42003, stack(0x00000002fd6f0000,0x00000002fd8f3000)]
  0x000000013ee8d800 JavaThread "XNIO-1 I/O-1" [_thread_in_native, id=49423, stack(0x000000017dc20000,0x000000017de23000)]
  0x0000000128acc000 JavaThread "magic-api-websocket-clean-task" [_thread_blocked, id=79363, stack(0x00000002fd4c4000,0x00000002fd6c7000)]
  0x0000000128a2b000 JavaThread "magic-api-send-log-task" [_thread_blocked, id=79879, stack(0x00000002fd2b8000,0x00000002fd4bb000)]
  0x000000013ee6a000 JavaThread "DoubleCache" [_thread_blocked, id=43535, stack(0x00000002fcaa0000,0x00000002fcca3000)]
  0x000000013d95b000 JavaThread "DoubleCache" [_thread_blocked, id=60679, stack(0x00000002f8408000,0x00000002f860b000)]
  0x000000013d7fa000 JavaThread "Java2D Disposer" daemon [_thread_blocked, id=74763, stack(0x0000000284390000,0x0000000284593000)]
  0x0000000128ab7000 JavaThread "AWT-AppKit" daemon [_thread_in_native, id=259, stack(0x0000000168e98000,0x000000016ae98000)]
  0x000000013dcf5000 JavaThread "FWS" [_thread_in_native, id=74499, stack(0x0000000284184000,0x0000000284387000)]
  0x000000013ee63000 JavaThread "FWS_Worker-20" [_thread_blocked, id=73987, stack(0x0000000283f78000,0x000000028417b000)]
  0x000000013b990000 JavaThread "FWS_Worker-19" [_thread_blocked, id=73731, stack(0x0000000283d6c000,0x0000000283f6f000)]
  0x000000013ee62000 JavaThread "FWS_Worker-18" [_thread_blocked, id=73219, stack(0x0000000283b60000,0x0000000283d63000)]
  0x000000013b98f000 JavaThread "FWS_Worker-17" [_thread_blocked, id=72707, stack(0x0000000283954000,0x0000000283b57000)]
  0x000000013dcf4000 JavaThread "FWS_Worker-16" [_thread_blocked, id=72451, stack(0x0000000283748000,0x000000028394b000)]
  0x000000013dcf3800 JavaThread "FWS_Worker-15" [_thread_blocked, id=72195, stack(0x000000028353c000,0x000000028373f000)]
  0x000000013ee61000 JavaThread "FWS_Worker-14" [_thread_blocked, id=71683, stack(0x0000000283330000,0x0000000283533000)]
  0x000000013b98e000 JavaThread "FWS_Worker-13" [_thread_blocked, id=82435, stack(0x0000000283124000,0x0000000283327000)]
  0x000000013dcf2800 JavaThread "FWS_Worker-12" [_thread_blocked, id=71171, stack(0x0000000282f18000,0x000000028311b000)]
  0x000000013b98d800 JavaThread "FWS_Worker-11" [_thread_blocked, id=82691, stack(0x0000000282d0c000,0x0000000282f0f000)]
  0x000000013ee60800 JavaThread "FWS_Worker-10" [_thread_blocked, id=70403, stack(0x0000000282b00000,0x0000000282d03000)]
  0x000000013ee5f800 JavaThread "FWS_Worker-9" [_thread_blocked, id=70147, stack(0x00000002828f4000,0x0000000282af7000)]
  0x000000013b8b5800 JavaThread "FWS_Worker-8" [_thread_blocked, id=83203, stack(0x00000002826e8000,0x00000002828eb000)]
  0x000000012b8d9800 JavaThread "FWS_Worker-7" [_thread_blocked, id=69379, stack(0x00000002824dc000,0x00000002826df000)]
  0x000000013ef37800 JavaThread "FWS_Worker-6" [_thread_blocked, id=69123, stack(0x00000002822d0000,0x00000002824d3000)]
  0x000000013b8b5000 JavaThread "FWS_Worker-5" [_thread_blocked, id=68611, stack(0x00000002820c4000,0x00000002822c7000)]
  0x000000013c768800 JavaThread "FWS_Worker-4" [_thread_blocked, id=83715, stack(0x0000000281eb8000,0x00000002820bb000)]
  0x000000011fd0b800 JavaThread "FWS_Worker-3" [_thread_blocked, id=68099, stack(0x0000000281cac000,0x0000000281eaf000)]
  0x000000013c6f1800 JavaThread "FWS_Worker-2" [_thread_blocked, id=67587, stack(0x0000000281aa0000,0x0000000281ca3000)]
  0x000000011fa6d800 JavaThread "FWS_Worker-1" [_thread_blocked, id=84251, stack(0x0000000281894000,0x0000000281a97000)]
  0x000000013c754800 JavaThread "logback-1" daemon [_thread_blocked, id=66827, stack(0x0000000281688000,0x000000028188b000)]
  0x0000000128f13800 JavaThread "DoubleCache" [_thread_blocked, id=85507, stack(0x0000000281064000,0x0000000281267000)]
  0x00000001289f9800 JavaThread "DoubleCache" [_thread_blocked, id=86031, stack(0x0000000280e58000,0x000000028105b000)]
  0x000000012885b000 JavaThread "DoubleCache" [_thread_blocked, id=86787, stack(0x0000000280834000,0x0000000280a37000)]
  0x000000013ed4d000 JavaThread "DoubleCache" [_thread_blocked, id=56087, stack(0x000000028041c000,0x000000028061f000)]
  0x000000013ecfc000 JavaThread "DoubleCache" [_thread_blocked, id=55299, stack(0x0000000280210000,0x0000000280413000)]
  0x00000001289f2000 JavaThread "DoubleCache" [_thread_blocked, id=56347, stack(0x0000000280004000,0x0000000280207000)]
  0x000000013dc35000 JavaThread "DoubleCache" [_thread_blocked, id=53507, stack(0x000000017f6bc000,0x000000017f8bf000)]
  0x0000000128f07800 JavaThread "DoubleCache" [_thread_blocked, id=57099, stack(0x000000017f4b0000,0x000000017f6b3000)]
  0x000000013ef28800 JavaThread "quartz_QuartzSchedulerThread" [_thread_blocked, id=52739, stack(0x000000017f2a4000,0x000000017f4a7000)]
  0x000000012b8bf000 JavaThread "quartz_Worker-3" [_thread_blocked, id=57347, stack(0x000000017f098000,0x000000017f29b000)]
=>0x000000013ef30000 JavaThread "quartz_Worker-2" [_thread_in_vm, id=51971, stack(0x000000017ee8c000,0x000000017f08f000)]
  0x000000013ec76800 JavaThread "quartz_Worker-1" [_thread_blocked, id=51715, stack(0x000000017ec80000,0x000000017ee83000)]
  0x000000013ec75000 JavaThread "DoubleCache" [_thread_blocked, id=51231, stack(0x000000017ea74000,0x000000017ec77000)]
  0x0000000128c5f800 JavaThread "DoubleCache" [_thread_blocked, id=61719, stack(0x000000017cfd8000,0x000000017d1db000)]
  0x000000013d345000 JavaThread "DoubleCache" [_thread_blocked, id=50947, stack(0x000000017e868000,0x000000017ea6b000)]
  0x000000013ec38800 JavaThread "DoubleCache" [_thread_blocked, id=58139, stack(0x000000017e65c000,0x000000017e85f000)]
  0x000000013d48b800 JavaThread "DoubleCache" [_thread_blocked, id=58627, stack(0x000000017e450000,0x000000017e653000)]
  0x0000000128c54800 JavaThread "DoubleCache" [_thread_blocked, id=50183, stack(0x000000017e244000,0x000000017e447000)]
  0x000000013db50000 JavaThread "simple-taskmgr" [_thread_blocked, id=62467, stack(0x000000017c7a8000,0x000000017c9ab000)]
  0x000000013e88d800 JavaThread "DoubleCache" [_thread_blocked, id=62723, stack(0x000000017c59c000,0x000000017c79f000)]
  0x000000013c09c800 JavaThread "simple-taskmgr" [_thread_blocked, id=46339, stack(0x000000017c184000,0x000000017c387000)]
  0x000000011f9ee000 JavaThread "DoubleCache" [_thread_blocked, id=63507, stack(0x000000017bf78000,0x000000017c17b000)]
  0x000000013e83a800 JavaThread "DoubleCache" [_thread_blocked, id=63747, stack(0x000000017bd6c000,0x000000017bf6f000)]
  0x000000013d065800 JavaThread "DoubleCache" [_thread_blocked, id=45571, stack(0x000000017bb60000,0x000000017bd63000)]
  0x000000013e88c800 JavaThread "DoubleCache" [_thread_blocked, id=45315, stack(0x000000017b954000,0x000000017bb57000)]
  0x0000000128891000 JavaThread "DoubleCache" [_thread_blocked, id=64531, stack(0x000000017b748000,0x000000017b94b000)]
  0x000000011faed800 JavaThread "Thread-97" [_thread_blocked, id=44811, stack(0x000000017b53c000,0x000000017b73f000)]
  0x000000011fae3000 JavaThread "simple-parallel-task" [_thread_blocked, id=44291, stack(0x000000017b330000,0x000000017b533000)]
  0x000000013e833000 JavaThread "commons-pool-evictor-thread" daemon [_thread_blocked, id=64775, stack(0x000000017b124000,0x000000017b327000)]
  0x00000001288d9800 JavaThread "Thread-93" [_thread_blocked, id=65283, stack(0x000000017af18000,0x000000017b11b000)]
  0x000000013d7ac000 JavaThread "Thread-91" [_thread_blocked, id=38403, stack(0x000000017ab00000,0x000000017ad03000)]
  0x000000013e0d7800 JavaThread "simple-taskmgr" [_thread_blocked, id=38147, stack(0x000000017a8f4000,0x000000017aaf7000)]
  0x000000013e019000 JavaThread "simple-taskmgr" [_thread_blocked, id=39183, stack(0x000000017a6e8000,0x000000017a8eb000)]
  0x000000013e884000 JavaThread "simple-taskmgr" [_thread_blocked, id=37387, stack(0x000000017a4dc000,0x000000017a6df000)]
  0x000000013c034800 JavaThread "simple-taskmgr" [_thread_blocked, id=37123, stack(0x000000017a2d0000,0x000000017a4d3000)]
  0x000000013d703800 JavaThread "simple-parallel-task" [_thread_blocked, id=36871, stack(0x000000017a0c4000,0x000000017a2c7000)]
  0x000000013c428800 JavaThread "Thread-84" [_thread_blocked, id=39943, stack(0x0000000179eb8000,0x000000017a0bb000)]
  0x000000013e8d6000 JavaThread "simple-taskmgr" [_thread_blocked, id=40195, stack(0x0000000179cac000,0x0000000179eaf000)]
  0x000000013c0ed800 JavaThread "simple-taskmgr" [_thread_blocked, id=35347, stack(0x0000000179aa0000,0x0000000179ca3000)]
  0x000000013d167000 JavaThread "simple-taskmgr" [_thread_blocked, id=40711, stack(0x000000017947c000,0x000000017967f000)]
  0x000000013f055800 JavaThread "Druid-ConnectionPool-Destroy-981323703" daemon [_thread_blocked, id=40963, stack(0x0000000179894000,0x0000000179a97000)]
  0x000000013e1a9800 JavaThread "Druid-ConnectionPool-Create-981323703" daemon [_thread_blocked, id=41223, stack(0x0000000179688000,0x000000017988b000)]
  0x000000013e19f000 JavaThread "MySQL Statement Cancellation Timer" daemon [_thread_blocked, id=35083, stack(0x0000000179270000,0x0000000179473000)]
  0x000000013e19e000 JavaThread "MySQL Statement Cancellation Timer" daemon [_thread_blocked, id=34567, stack(0x0000000178e58000,0x000000017905b000)]
  0x000000013f1dd800 JavaThread "MySQL Statement Cancellation Timer" daemon [_thread_blocked, id=34059, stack(0x0000000178c4c000,0x0000000178e4f000)]
  0x000000013f1dc800 JavaThread "MySQL Statement Cancellation Timer" daemon [_thread_blocked, id=33543, stack(0x0000000178a40000,0x0000000178c43000)]
  0x000000013f1db800 JavaThread "MySQL Statement Cancellation Timer" daemon [_thread_blocked, id=42503, stack(0x0000000178834000,0x0000000178a37000)]
  0x000000013e1d3000 JavaThread "MySQL Statement Cancellation Timer" daemon [_thread_blocked, id=43023, stack(0x0000000178628000,0x000000017882b000)]
  0x000000013f1d7800 JavaThread "MySQL Statement Cancellation Timer" daemon [_thread_blocked, id=43271, stack(0x000000017841c000,0x000000017861f000)]
  0x000000013e1d1800 JavaThread "MySQL Statement Cancellation Timer" daemon [_thread_blocked, id=32779, stack(0x0000000178210000,0x0000000178413000)]
  0x000000013f075800 JavaThread "MySQL Statement Cancellation Timer" daemon [_thread_blocked, id=28175, stack(0x0000000178004000,0x0000000178207000)]
  0x000000013e020000 JavaThread "MySQL Statement Cancellation Timer" daemon [_thread_blocked, id=28935, stack(0x000000016fbfc000,0x000000016fdff000)]
  0x000000013e074800 JavaThread "MySQL Statement Cancellation Timer" daemon [_thread_blocked, id=27655, stack(0x000000016f9f0000,0x000000016fbf3000)]
  0x000000013e01f800 JavaThread "MySQL Statement Cancellation Timer" daemon [_thread_blocked, id=29191, stack(0x000000016f7e4000,0x000000016f9e7000)]
  0x000000013f072800 JavaThread "MySQL Statement Cancellation Timer" daemon [_thread_blocked, id=26387, stack(0x000000016f3cc000,0x000000016f5cf000)]
  0x000000013e073000 JavaThread "MySQL Statement Cancellation Timer" daemon [_thread_blocked, id=26883, stack(0x000000016f5d8000,0x000000016f7db000)]
  0x000000013f00d000 JavaThread "MySQL Statement Cancellation Timer" daemon [_thread_blocked, id=26123, stack(0x000000016f1c0000,0x000000016f3c3000)]
  0x000000013e01e000 JavaThread "MySQL Statement Cancellation Timer" daemon [_thread_blocked, id=25607, stack(0x000000016efb4000,0x000000016f1b7000)]
  0x000000013e01c800 JavaThread "MySQL Statement Cancellation Timer" daemon [_thread_blocked, id=29707, stack(0x000000016eda8000,0x000000016efab000)]
  0x000000013c2a0000 JavaThread "MySQL Statement Cancellation Timer" daemon [_thread_blocked, id=29979, stack(0x000000016eb9c000,0x000000016ed9f000)]
  0x000000013b99e000 JavaThread "mysql-cj-abandoned-connection-cleanup" daemon [_thread_blocked, id=24651, stack(0x000000016e990000,0x000000016eb93000)]
  0x000000013d656000 JavaThread "simple-parallel-task" [_thread_blocked, id=30579, stack(0x000000016e784000,0x000000016e987000)]
  0x000000013c5f2000 JavaThread "simple-parallel-task" [_thread_blocked, id=21039, stack(0x000000016e578000,0x000000016e77b000)]
  0x000000013d8a8000 JavaThread "RMI Scheduler(0)" daemon [_thread_blocked, id=23811, stack(0x000000016e36c000,0x000000016e56f000)]
  0x000000013b945800 JavaThread "Attach Listener" daemon [_thread_blocked, id=22787, stack(0x000000016df54000,0x000000016e157000)]
  0x000000013b8ba000 JavaThread "RMI TCP Accept-0" daemon [_thread_in_native, id=22275, stack(0x000000016db3c000,0x000000016dd3f000)]
  0x000000013e979000 JavaThread "Service Thread" daemon [_thread_blocked, id=31491, stack(0x000000016d930000,0x000000016db33000)]
  0x000000013e01b800 JavaThread "C1 CompilerThread3" daemon [_thread_blocked, id=31747, stack(0x000000016d724000,0x000000016d927000)]
  0x000000013d11d800 JavaThread "C2 CompilerThread2" daemon [_thread_blocked, id=32259, stack(0x000000016d518000,0x000000016d71b000)]
  0x000000013e93d800 JavaThread "C2 CompilerThread1" daemon [_thread_blocked, id=21763, stack(0x000000016d30c000,0x000000016d50f000)]
  0x000000012b864000 JavaThread "C2 CompilerThread0" daemon [_thread_blocked, id=17667, stack(0x000000016d100000,0x000000016d303000)]
  0x000000013e814000 JavaThread "JDWP Command Reader" daemon [_thread_in_native, id=18179, stack(0x000000016cef4000,0x000000016d0f7000)]
  0x000000013d827800 JavaThread "JDWP Event Helper Thread" daemon [_thread_blocked, id=18691, stack(0x000000016cce8000,0x000000016ceeb000)]
  0x000000013f009000 JavaThread "JDWP Transport Listener: dt_socket" daemon [_thread_blocked, id=19203, stack(0x000000016cadc000,0x000000016ccdf000)]
  0x000000013b833000 JavaThread "Signal Dispatcher" daemon [_thread_blocked, id=19715, stack(0x000000016c8d0000,0x000000016cad3000)]
  0x000000012b850000 JavaThread "Finalizer" daemon [_thread_blocked, id=12803, stack(0x000000016c5ac000,0x000000016c7af000)]
  0x000000012b84d000 JavaThread "Reference Handler" daemon [_thread_blocked, id=12291, stack(0x000000016c3a0000,0x000000016c5a3000)]

Other Threads:
  0x000000012b846800 VMThread [stack: 0x000000016c194000,0x000000016c397000] [id=13571]
  0x000000013d123800 WatcherThread [stack: 0x000000016dd48000,0x000000016df4b000] [id=30979]

VM state:not at safepoint (normal execution)

VM Mutex/Monitor currently owned by a thread:  ([mutex/lock_event])
[0x0000600000b4d980] MethodData_lock - owner thread: 0x000000013ef30000

heap address: 0x00000006c0000000, size: 4096 MB, Compressed Oops mode: Zero based, Oop shift amount: 3
Narrow klass base: 0x0000000800000000, Narrow klass shift: 0
Compressed class space size: 1073741824 Address: 0x0000000800000000

Heap:
 PSYoungGen      total 971264K, used 365498K [0x000000076ab00000, 0x00000007c0000000, 0x00000007c0000000)
  eden space 735232K, 49% used [0x000000076ab00000,0x0000000780feeba8,0x0000000797900000)
  from space 236032K, 0% used [0x0000000797900000,0x0000000797900000,0x00000007a5f80000)
  to   space 335360K, 0% used [0x00000007ab880000,0x00000007ab880000,0x00000007c0000000)
 ParOldGen       total 2796544K, used 2796374K [0x00000006c0000000, 0x000000076ab00000, 0x000000076ab00000)
  object space 2796544K, 99% used [0x00000006c0000000,0x000000076aad5ad0,0x000000076ab00000)
 Metaspace       used 289727K, capacity 300244K, committed 300544K, reserved 1325056K
  class space    used 22291K, capacity 24180K, committed 24320K, reserved 1048576K

Card table byte_map: [0x00000001053e4000,0x0000000105be8000] byte_map_base: 0x0000000101de4000

Marking Bits: (ParMarkBitMap*) 0x00000001063e5c38
 Begin Bits: [0x000000010efb8000, 0x0000000112fb8000)
 End Bits:   [0x0000000112fb8000, 0x0000000116fb8000)

Polling page: 0x000000010507c000

CodeCache: size=131072Kb used=33753Kb max_used=33753Kb free=97318Kb
 bounds [0x0000000106a60000, 0x0000000108b70000, 0x000000010ea60000]
 total_blobs=16158 nmethods=15324 adapters=756
 compilation: enabled

Compilation events (10 events):
Event: 1063.950 Thread 0x000000013e01b800 nmethod 15821 0x0000000108b59410 code [0x0000000108b59540, 0x0000000108b59610]
Event: 1063.951 Thread 0x000000013e01b800 15822       1       org.springframework.web.util.WebUtils::getNativeRequest (35 bytes)
Event: 1063.952 Thread 0x000000013e01b800 nmethod 15822 0x0000000108b59690 code [0x0000000108b59800, 0x0000000108b59a68]
Event: 1064.639 Thread 0x000000013e01b800 15823       1       java.util.concurrent.ConcurrentLinkedDeque::skipDeletedPredecessors (84 bytes)
Event: 1064.640 Thread 0x000000013e01b800 nmethod 15823 0x0000000108b59bd0 code [0x0000000108b59d40, 0x0000000108b59f50]
Event: 1064.642 Thread 0x000000013e01b800 15824       1       org.springframework.security.core.context.SecurityContextHolder::clearContext (9 bytes)
Event: 1064.642 Thread 0x000000013e01b800 nmethod 15824 0x0000000108b5a090 code [0x0000000108b5a200, 0x0000000108b5a328]
Event: 1066.365 Thread 0x000000013e01b800 15825       1       org.springframework.jdbc.datasource.DataSourceTransactionManager$DataSourceTransactionObject::isNewConnectionHolder (5 bytes)
Event: 1066.366 Thread 0x000000013e01b800 nmethod 15825 0x0000000108b5a4d0 code [0x0000000108b5a600, 0x0000000108b5a690]
Event: 1069.960 Thread 0x000000013e01b800 15826   !   1       org.quartz.core.QuartzScheduler::notifyTriggerListenersFired (157 bytes)

GC Heap History (10 events):
Event: 974.025 GC heap before
{Heap before GC invocations=299 (full 69):
 PSYoungGen      total 971264K, used 735232K [0x000000076ab00000, 0x00000007c0000000, 0x00000007c0000000)
  eden space 735232K, 100% used [0x000000076ab00000,0x0000000797900000,0x0000000797900000)
  from space 236032K, 0% used [0x0000000797900000,0x0000000797900000,0x00000007a5f80000)
  to   space 335360K, 0% used [0x00000007ab880000,0x00000007ab880000,0x00000007c0000000)
 ParOldGen       total 2796544K, used 2796328K [0x00000006c0000000, 0x000000076ab00000, 0x000000076ab00000)
  object space 2796544K, 99% used [0x00000006c0000000,0x000000076aaca328,0x000000076ab00000)
 Metaspace       used 289792K, capacity 300366K, committed 300544K, reserved 1325056K
  class space    used 22311K, capacity 24219K, committed 24320K, reserved 1048576K
Event: 975.411 GC heap after
Heap after GC invocations=299 (full 69):
 PSYoungGen      total 971264K, used 351911K [0x000000076ab00000, 0x00000007c0000000, 0x00000007c0000000)
  eden space 735232K, 47% used [0x000000076ab00000,0x00000007802a9e08,0x0000000797900000)
  from space 236032K, 0% used [0x0000000797900000,0x0000000797900000,0x00000007a5f80000)
  to   space 335360K, 0% used [0x00000007ab880000,0x00000007ab880000,0x00000007c0000000)
 ParOldGen       total 2796544K, used 2796328K [0x00000006c0000000, 0x000000076ab00000, 0x000000076ab00000)
  object space 2796544K, 99% used [0x00000006c0000000,0x000000076aaca328,0x000000076ab00000)
 Metaspace       used 289792K, capacity 300366K, committed 300544K, reserved 1325056K
  class space    used 22311K, capacity 24219K, committed 24320K, reserved 1048576K
}
Event: 1001.648 GC heap before
{Heap before GC invocations=300 (full 70):
 PSYoungGen      total 971264K, used 735232K [0x000000076ab00000, 0x00000007c0000000, 0x00000007c0000000)
  eden space 735232K, 100% used [0x000000076ab00000,0x0000000797900000,0x0000000797900000)
  from space 236032K, 0% used [0x0000000797900000,0x0000000797900000,0x00000007a5f80000)
  to   space 335360K, 0% used [0x00000007ab880000,0x00000007ab880000,0x00000007c0000000)
 ParOldGen       total 2796544K, used 2796328K [0x00000006c0000000, 0x000000076ab00000, 0x000000076ab00000)
  object space 2796544K, 99% used [0x00000006c0000000,0x000000076aaca328,0x000000076ab00000)
 Metaspace       used 289803K, capacity 300430K, committed 300544K, reserved 1325056K
  class space    used 22311K, capacity 24219K, committed 24320K, reserved 1048576K
Event: 1003.125 GC heap after
Heap after GC invocations=300 (full 70):
 PSYoungGen      total 971264K, used 351855K [0x000000076ab00000, 0x00000007c0000000, 0x00000007c0000000)
  eden space 735232K, 47% used [0x000000076ab00000,0x000000078029bf88,0x0000000797900000)
  from space 236032K, 0% used [0x0000000797900000,0x0000000797900000,0x00000007a5f80000)
  to   space 335360K, 0% used [0x00000007ab880000,0x00000007ab880000,0x00000007c0000000)
 ParOldGen       total 2796544K, used 2796328K [0x00000006c0000000, 0x000000076ab00000, 0x000000076ab00000)
  object space 2796544K, 99% used [0x00000006c0000000,0x000000076aaca328,0x000000076ab00000)
 Metaspace       used 289803K, capacity 300430K, committed 300544K, reserved 1325056K
  class space    used 22311K, capacity 24219K, committed 24320K, reserved 1048576K
}
Event: 1023.875 GC heap before
{Heap before GC invocations=301 (full 71):
 PSYoungGen      total 971264K, used 735232K [0x000000076ab00000, 0x00000007c0000000, 0x00000007c0000000)
  eden space 735232K, 100% used [0x000000076ab00000,0x0000000797900000,0x0000000797900000)
  from space 236032K, 0% used [0x0000000797900000,0x0000000797900000,0x00000007a5f80000)
  to   space 335360K, 0% used [0x00000007ab880000,0x00000007ab880000,0x00000007c0000000)
 ParOldGen       total 2796544K, used 2796328K [0x00000006c0000000, 0x000000076ab00000, 0x000000076ab00000)
  object space 2796544K, 99% used [0x00000006c0000000,0x000000076aaca328,0x000000076ab00000)
 Metaspace       used 289803K, capacity 300430K, committed 300544K, reserved 1325056K
  class space    used 22311K, capacity 24219K, committed 24320K, reserved 1048576K
Event: 1027.298 GC heap after
Heap after GC invocations=301 (full 71):
 PSYoungGen      total 971264K, used 351859K [0x000000076ab00000, 0x00000007c0000000, 0x00000007c0000000)
  eden space 735232K, 47% used [0x000000076ab00000,0x000000078029ce78,0x0000000797900000)
  from space 236032K, 0% used [0x0000000797900000,0x0000000797900000,0x00000007a5f80000)
  to   space 335360K, 0% used [0x00000007ab880000,0x00000007ab880000,0x00000007c0000000)
 ParOldGen       total 2796544K, used 2796328K [0x00000006c0000000, 0x000000076ab00000, 0x000000076ab00000)
  object space 2796544K, 99% used [0x00000006c0000000,0x000000076aaca328,0x000000076ab00000)
 Metaspace       used 289803K, capacity 300430K, committed 300544K, reserved 1325056K
  class space    used 22311K, capacity 24219K, committed 24320K, reserved 1048576K
}
Event: 1050.904 GC heap before
{Heap before GC invocations=302 (full 72):
 PSYoungGen      total 971264K, used 735232K [0x000000076ab00000, 0x00000007c0000000, 0x00000007c0000000)
  eden space 735232K, 100% used [0x000000076ab00000,0x0000000797900000,0x0000000797900000)
  from space 236032K, 0% used [0x0000000797900000,0x0000000797900000,0x00000007a5f80000)
  to   space 335360K, 0% used [0x00000007ab880000,0x00000007ab880000,0x00000007c0000000)
 ParOldGen       total 2796544K, used 2796328K [0x00000006c0000000, 0x000000076ab00000, 0x000000076ab00000)
  object space 2796544K, 99% used [0x00000006c0000000,0x000000076aaca328,0x000000076ab00000)
 Metaspace       used 289838K, capacity 300430K, committed 300544K, reserved 1325056K
  class space    used 22312K, capacity 24219K, committed 24320K, reserved 1048576K
Event: 1057.564 GC heap after
Heap after GC invocations=302 (full 72):
 PSYoungGen      total 971264K, used 351963K [0x000000076ab00000, 0x00000007c0000000, 0x00000007c0000000)
  eden space 735232K, 47% used [0x000000076ab00000,0x00000007802b6e48,0x0000000797900000)
  from space 236032K, 0% used [0x0000000797900000,0x0000000797900000,0x00000007a5f80000)
  to   space 335360K, 0% used [0x00000007ab880000,0x00000007ab880000,0x00000007c0000000)
 ParOldGen       total 2796544K, used 2796114K [0x00000006c0000000, 0x000000076ab00000, 0x000000076ab00000)
  object space 2796544K, 99% used [0x00000006c0000000,0x000000076aa94968,0x000000076ab00000)
 Metaspace       used 289819K, capacity 300400K, committed 300544K, reserved 1325056K
  class space    used 22308K, capacity 24212K, committed 24320K, reserved 1048576K
}
Event: 1067.192 GC heap before
{Heap before GC invocations=303 (full 73):
 PSYoungGen      total 971264K, used 735232K [0x000000076ab00000, 0x00000007c0000000, 0x00000007c0000000)
  eden space 735232K, 100% used [0x000000076ab00000,0x0000000797900000,0x0000000797900000)
  from space 236032K, 0% used [0x0000000797900000,0x0000000797900000,0x00000007a5f80000)
  to   space 335360K, 0% used [0x00000007ab880000,0x00000007ab880000,0x00000007c0000000)
 ParOldGen       total 2796544K, used 2796114K [0x00000006c0000000, 0x000000076ab00000, 0x000000076ab00000)
  object space 2796544K, 99% used [0x00000006c0000000,0x000000076aa94968,0x000000076ab00000)
 Metaspace       used 289847K, capacity 300442K, committed 300544K, reserved 1325056K
  class space    used 22312K, capacity 24219K, committed 24320K, reserved 1048576K
Event: 1069.959 GC heap after
Heap after GC invocations=303 (full 73):
 PSYoungGen      total 971264K, used 350827K [0x000000076ab00000, 0x00000007c0000000, 0x00000007c0000000)
  eden space 735232K, 47% used [0x000000076ab00000,0x000000078019afe8,0x0000000797900000)
  from space 236032K, 0% used [0x0000000797900000,0x0000000797900000,0x00000007a5f80000)
  to   space 335360K, 0% used [0x00000007ab880000,0x00000007ab880000,0x00000007c0000000)
 ParOldGen       total 2796544K, used 2796374K [0x00000006c0000000, 0x000000076ab00000, 0x000000076ab00000)
  object space 2796544K, 99% used [0x00000006c0000000,0x000000076aad5ad0,0x000000076ab00000)
 Metaspace       used 289727K, capacity 300244K, committed 300544K, reserved 1325056K
  class space    used 22291K, capacity 24180K, committed 24320K, reserved 1048576K
}

Deoptimization events (0 events):
No events

Classes redefined (1 events):
Event: 1044.370 Thread 0x000000012b846800 redefined class name=com.dt.platform.ops.controller.MonitorNodeController, count=1

Internal exceptions (10 events):
Event: 539.577 Thread 0x000000013bad5000 Exception <a 'sun/nio/fs/UnixException'> (0x0000000783d8b4c8) thrown at [/Users/tester/jenkins/workspace/zulu8-build-macos-aarch64/zulu-src/hotspot/src/share/vm/prims/jni.cpp, line 711]
Event: 539.581 Thread 0x000000013bad5000 Exception <a 'sun/nio/fs/UnixException'> (0x0000000783e70070) thrown at [/Users/tester/jenkins/workspace/zulu8-build-macos-aarch64/zulu-src/hotspot/src/share/vm/prims/jni.cpp, line 711]
Event: 539.598 Thread 0x000000013bad5000 Exception <a 'sun/nio/fs/UnixException'> (0x0000000784ac44f0) thrown at [/Users/tester/jenkins/workspace/zulu8-build-macos-aarch64/zulu-src/hotspot/src/share/vm/prims/jni.cpp, line 711]
Event: 539.599 Thread 0x000000013bad5000 Exception <a 'sun/nio/fs/UnixException'> (0x0000000784b421a0) thrown at [/Users/tester/jenkins/workspace/zulu8-build-macos-aarch64/zulu-src/hotspot/src/share/vm/prims/jni.cpp, line 711]
Event: 1050.852 Thread 0x000000013bad5000 Implicit null exception at 0x00000001089c2e08 to 0x00000001089c355c
Event: 1050.852 Thread 0x000000013bad5000 Exception <a 'java/lang/NullPointerException'> (0x0000000796f02980) thrown at [/Users/tester/jenkins/workspace/zulu8-build-macos-aarch64/zulu-src/hotspot/src/share/vm/runtime/sharedRuntime.cpp, line 617]
Event: 1057.567 Thread 0x000000011fb99800 Implicit null exception at 0x00000001089c2e08 to 0x00000001089c355c
Event: 1057.567 Thread 0x000000011fb99800 Exception <a 'java/lang/NullPointerException'> (0x0000000780507de0) thrown at [/Users/tester/jenkins/workspace/zulu8-build-macos-aarch64/zulu-src/hotspot/src/share/vm/runtime/sharedRuntime.cpp, line 617]
Event: 1063.833 Thread 0x000000011fb99800 Implicit null exception at 0x00000001089c2e08 to 0x00000001089c355c
Event: 1063.833 Thread 0x000000011fb99800 Exception <a 'java/lang/NullPointerException'> (0x0000000794754e00) thrown at [/Users/tester/jenkins/workspace/zulu8-build-macos-aarch64/zulu-src/hotspot/src/share/vm/runtime/sharedRuntime.cpp, line 617]

Events (10 events):
Event: 1069.959 Executing VM operation: BulkRevokeBias
Event: 1069.960 Executing VM operation: BulkRevokeBias done
Event: 1069.961 loading class java/util/uuid
Event: 1069.961 loading class java/util/uuid done
Event: 1069.961 Thread 0x000000013e018000 DEOPT PACKING pc=0x0000000106c92848 sp=0x000000017fcd5390
Event: 1069.961 Thread 0x000000013e018000 DEOPT UNPACKING pc=0x0000000106a99400 sp=0x000000017fcd5170 mode 1
Event: 1069.961 Thread 0x000000013e018000 DEOPT PACKING pc=0x0000000106ffb734 sp=0x000000017fcd5410
Event: 1069.961 Thread 0x000000013e018000 DEOPT UNPACKING pc=0x0000000106a99400 sp=0x000000017fcd52c0 mode 1
Event: 1069.961 Thread 0x000000013e018000 DEOPT PACKING pc=0x0000000106ffb6b8 sp=0x000000017fcd55a0
Event: 1069.961 Thread 0x000000013e018000 DEOPT UNPACKING pc=0x0000000106a99400 sp=0x000000017fcd5450 mode 1


Dynamic libraries:
0x00000001a4296000 	/System/Library/Frameworks/Cocoa.framework/Versions/A/Cocoa
0x000000018ef72000 	/System/Library/Frameworks/AppKit.framework/Versions/C/AppKit
0x0000000191974000 	/System/Library/Frameworks/CoreData.framework/Versions/A/CoreData
0x000000018cca1000 	/System/Library/Frameworks/Foundation.framework/Versions/C/Foundation
0x000000019763a000 	/usr/lib/libSystem.B.dylib
0x000000018fe82000 	/System/Library/PrivateFrameworks/UIFoundation.framework/Versions/A/UIFoundation
0x00000001fa88e000 	/System/Library/PrivateFrameworks/CollectionViewCore.framework/Versions/A/CollectionViewCore
0x000000019e5ac000 	/System/Library/PrivateFrameworks/RemoteViewServices.framework/Versions/A/RemoteViewServices
0x00000001958f2000 	/System/Library/PrivateFrameworks/XCTTargetBootstrap.framework/Versions/A/XCTTargetBootstrap
0x000000019a049000 	/System/Library/PrivateFrameworks/InternationalSupport.framework/Versions/A/InternationalSupport
0x000000019a0d0000 	/System/Library/PrivateFrameworks/UserActivity.framework/Versions/A/UserActivity
0x0000000212994000 	/System/Library/PrivateFrameworks/WindowManagement.framework/Versions/A/WindowManagement
0x000000018c96e000 	/System/Library/Frameworks/SystemConfiguration.framework/Versions/A/SystemConfiguration
0x000000019952f000 	/usr/lib/libspindump.dylib
0x0000000190028000 	/System/Library/Frameworks/UniformTypeIdentifiers.framework/Versions/A/UniformTypeIdentifiers
0x00000001938fe000 	/usr/lib/libapp_launch_measurement.dylib
0x0000000192db0000 	/System/Library/PrivateFrameworks/CoreAnalytics.framework/Versions/A/CoreAnalytics
0x0000000193905000 	/System/Library/PrivateFrameworks/CoreAutoLayout.framework/Versions/A/CoreAutoLayout
0x00000001950f8000 	/System/Library/Frameworks/Metal.framework/Versions/A/Metal
0x000000019601f000 	/usr/lib/liblangid.dylib
0x00000001958f8000 	/System/Library/PrivateFrameworks/CoreSVG.framework/Versions/A/CoreSVG
0x0000000190992000 	/System/Library/PrivateFrameworks/SkyLight.framework/Versions/A/SkyLight
0x0000000190dbe000 	/System/Library/Frameworks/CoreGraphics.framework/Versions/A/CoreGraphics
0x000000019ec88000 	/System/Library/Frameworks/Accelerate.framework/Versions/A/Accelerate
0x0000000198f9c000 	/System/Library/PrivateFrameworks/IconServices.framework/Versions/A/IconServices
0x00000001950d6000 	/System/Library/Frameworks/IOSurface.framework/Versions/A/IOSurface
0x0000000192dde000 	/usr/lib/libDiagnosticMessagesClient.dylib
0x0000000197580000 	/usr/lib/libz.1.dylib
0x00000001a20ac000 	/System/Library/Frameworks/ApplicationServices.framework/Versions/A/ApplicationServices
0x00000001958da000 	/System/Library/PrivateFrameworks/DFRFoundation.framework/Versions/A/DFRFoundation
0x000000018e7ef000 	/usr/lib/libicucore.A.dylib
0x000000019afe1000 	/System/Library/Frameworks/AudioToolbox.framework/Versions/A/AudioToolbox
0x000000019a054000 	/System/Library/PrivateFrameworks/DataDetectorsCore.framework/Versions/A/DataDetectorsCore
0x00000001b1894000 	/System/Library/PrivateFrameworks/TextInput.framework/Versions/A/TextInput
0x00000001908f5000 	/usr/lib/libMobileGestalt.dylib
0x00000001955a6000 	/System/Library/Frameworks/Carbon.framework/Versions/A/Frameworks/HIToolbox.framework/Versions/A/HIToolbox
0x000000019326d000 	/System/Library/Frameworks/QuartzCore.framework/Versions/A/QuartzCore
0x000000018e439000 	/System/Library/Frameworks/Security.framework/Versions/A/Security
0x000000019e5ec000 	/System/Library/Frameworks/Carbon.framework/Versions/A/Frameworks/SpeechRecognition.framework/Versions/A/SpeechRecognition
0x000000019363d000 	/System/Library/PrivateFrameworks/CoreUI.framework/Versions/A/CoreUI
0x000000018dda5000 	/System/Library/Frameworks/CoreAudio.framework/Versions/A/CoreAudio
0x0000000192ebb000 	/System/Library/Frameworks/DiskArbitration.framework/Versions/A/DiskArbitration
0x0000000199970000 	/System/Library/PrivateFrameworks/MultitouchSupport.framework/Versions/A/MultitouchSupport
0x00000001908f3000 	/usr/lib/libenergytrace.dylib
0x000000018ee32000 	/System/Library/Frameworks/IOKit.framework/Versions/A/IOKit
0x000000019e9d7000 	/System/Library/Frameworks/CoreServices.framework/Versions/A/CoreServices
0x000000019388b000 	/System/Library/PrivateFrameworks/PerformanceAnalysis.framework/Versions/A/PerformanceAnalysis
0x00000001f08a4000 	/System/Library/Frameworks/OpenGL.framework/Versions/A/OpenGL
0x000000019394f000 	/usr/lib/libxml2.2.dylib
0x0000000196ad7000 	/System/Library/PrivateFrameworks/MobileKeyBag.framework/Versions/A/MobileKeyBag
0x000000018b904000 	/usr/lib/libobjc.A.dylib
0x000000018bbbe000 	/usr/lib/libc++.1.dylib
0x0000000191405000 	/System/Library/Frameworks/ColorSync.framework/Versions/A/ColorSync
0x000000018bd07000 	/System/Library/Frameworks/CoreFoundation.framework/Versions/A/CoreFoundation
0x0000000195c34000 	/System/Library/Frameworks/CoreImage.framework/Versions/A/CoreImage
0x000000018dbc2000 	/System/Library/Frameworks/CoreText.framework/Versions/A/CoreText
0x0000000195930000 	/System/Library/Frameworks/ImageIO.framework/Versions/A/ImageIO
0x0000000197640000 	/System/Library/PrivateFrameworks/SoftLinking.framework/Versions/A/SoftLinking
0x00000001978d6000 	/usr/lib/libcompression.dylib
0x0000000199fa4000 	/System/Library/PrivateFrameworks/TextureIO.framework/Versions/A/TextureIO
0x0000000198c69000 	/usr/lib/libate.dylib
0x0000000197634000 	/usr/lib/system/libcache.dylib
0x00000001975f0000 	/usr/lib/system/libcommonCrypto.dylib
0x000000019761b000 	/usr/lib/system/libcompiler_rt.dylib
0x0000000197611000 	/usr/lib/system/libcopyfile.dylib
0x000000018ba3d000 	/usr/lib/system/libcorecrypto.dylib
0x000000018baf4000 	/usr/lib/system/libdispatch.dylib
0x000000018bcae000 	/usr/lib/system/libdyld.dylib
0x000000019762a000 	/usr/lib/system/libkeymgr.dylib
0x00000001975ca000 	/usr/lib/system/libmacho.dylib
0x0000000196bcf000 	/usr/lib/system/libquarantine.dylib
0x0000000197627000 	/usr/lib/system/libremovefile.dylib
0x000000019095c000 	/usr/lib/system/libsystem_asl.dylib
0x000000018b9d9000 	/usr/lib/system/libsystem_blocks.dylib
0x000000018bb3f000 	/usr/lib/system/libsystem_c.dylib
0x000000019761f000 	/usr/lib/system/libsystem_collections.dylib
0x000000019600e000 	/usr/lib/system/libsystem_configuration.dylib
0x00000001950a4000 	/usr/lib/system/libsystem_containermanager.dylib
0x00000001972be000 	/usr/lib/system/libsystem_coreservices.dylib
0x000000018eaa3000 	/usr/lib/system/libsystem_darwin.dylib
0x000000019762b000 	/usr/lib/system/libsystem_dnssd.dylib
0x000000018bb3c000 	/usr/lib/system/libsystem_featureflags.dylib
0x000000018bcda000 	/usr/lib/system/libsystem_info.dylib
0x0000000197592000 	/usr/lib/system/libsystem_m.dylib
0x000000018bac8000 	/usr/lib/system/libsystem_malloc.dylib
0x00000001908da000 	/usr/lib/system/libsystem_networkextension.dylib
0x000000018ef0d000 	/usr/lib/system/libsystem_notify.dylib
0x0000000196013000 	/usr/lib/system/libsystem_sandbox.dylib
0x0000000197624000 	/usr/lib/system/libsystem_secinit.dylib
0x000000018bc67000 	/usr/lib/system/libsystem_kernel.dylib
0x000000018bcd3000 	/usr/lib/system/libsystem_platform.dylib
0x000000018bca1000 	/usr/lib/system/libsystem_pthread.dylib
0x0000000192124000 	/usr/lib/system/libsystem_symptoms.dylib
0x000000018ba22000 	/usr/lib/system/libsystem_trace.dylib
0x00000001975fe000 	/usr/lib/system/libunwind.dylib
0x000000018b9de000 	/usr/lib/system/libxpc.dylib
0x000000018bc4b000 	/usr/lib/libc++abi.dylib
0x0000000197609000 	/usr/lib/liboah.dylib
0x0000000198b22000 	/usr/lib/liblzma.5.dylib
0x000000019763c000 	/usr/lib/libfakelink.dylib
0x0000000190517000 	/System/Library/Frameworks/CFNetwork.framework/Versions/A/CFNetwork
0x000000019777a000 	/usr/lib/libarchive.2.dylib
0x000000019c910000 	/System/Library/Frameworks/Combine.framework/Versions/A/Combine
0x000000019a9c0000 	/usr/lib/swift/libswiftCore.dylib
0x00000001ae91c000 	/usr/lib/swift/libswiftCoreFoundation.dylib
0x00000001ac88b000 	/usr/lib/swift/libswiftDarwin.dylib
0x000000019ff24000 	/usr/lib/swift/libswiftDispatch.dylib
0x00000001ae93d000 	/usr/lib/swift/libswiftIOKit.dylib
0x00000001a24e2000 	/usr/lib/swift/libswiftObjectiveC.dylib
0x00000001ae930000 	/usr/lib/swift/libswiftXPC.dylib
0x000000021941d000 	/usr/lib/swift/libswift_Concurrency.dylib
0x000000021956b000 	/usr/lib/swift/libswift_StringProcessing.dylib
0x00000001a24e6000 	/usr/lib/swift/libswiftos.dylib
0x000000018edb6000 	/System/Library/PrivateFrameworks/CoreServicesInternal.framework/Versions/A/CoreServicesInternal
0x0000000196bf6000 	/usr/lib/libbsm.0.dylib
0x00000001975d0000 	/usr/lib/system/libkxld.dylib
0x00000001938c7000 	/System/Library/Frameworks/CoreServices.framework/Versions/A/Frameworks/FSEvents.framework/Versions/A/FSEvents
0x000000018eaae000 	/System/Library/Frameworks/CoreServices.framework/Versions/A/Frameworks/CarbonCore.framework/Versions/A/CarbonCore
0x0000000192e22000 	/System/Library/Frameworks/CoreServices.framework/Versions/A/Frameworks/Metadata.framework/Versions/A/Metadata
0x00000001972c4000 	/System/Library/Frameworks/CoreServices.framework/Versions/A/Frameworks/OSServices.framework/Versions/A/OSServices
0x0000000197802000 	/System/Library/Frameworks/CoreServices.framework/Versions/A/Frameworks/SearchKit.framework/Versions/A/SearchKit
0x00000001920a6000 	/System/Library/Frameworks/CoreServices.framework/Versions/A/Frameworks/AE.framework/Versions/A/AE
0x000000018c1e1000 	/System/Library/Frameworks/CoreServices.framework/Versions/A/Frameworks/LaunchServices.framework/Versions/A/LaunchServices
0x0000000198acb000 	/System/Library/Frameworks/CoreServices.framework/Versions/A/Frameworks/DictionaryServices.framework/Versions/A/DictionaryServices
0x00000001938d4000 	/System/Library/Frameworks/CoreServices.framework/Versions/A/Frameworks/SharedFileList.framework/Versions/A/SharedFileList
0x00000001978a0000 	/usr/lib/libapple_nghttp2.dylib
0x0000000190513000 	/usr/lib/libnetwork.dylib
0x0000000191d55000 	/usr/lib/libsqlite3.dylib
0x000000019212d000 	/System/Library/Frameworks/Network.framework/Versions/A/Network
0x00000002184fc000 	/usr/lib/libCoreEntitlements.dylib
0x0000000204491000 	/System/Library/PrivateFrameworks/MessageSecurity.framework/Versions/A/MessageSecurity
0x0000000191d3b000 	/System/Library/PrivateFrameworks/ProtocolBuffer.framework/Versions/A/ProtocolBuffer
0x00000001971ec000 	/System/Library/PrivateFrameworks/AppleFSCompression.framework/Versions/A/AppleFSCompression
0x0000000196bde000 	/usr/lib/libcoretls.dylib
0x0000000198b3b000 	/usr/lib/libcoretls_cfhelpers.dylib
0x00000001978d0000 	/usr/lib/libpam.2.dylib
0x0000000198ba7000 	/usr/lib/libxar.1.dylib
0x0000000198f76000 	/usr/lib/libheimdal-asn1.dylib
0x0000000197641000 	/usr/lib/libpcap.A.dylib
0x000000019211a000 	/usr/lib/libdns_services.dylib
0x000000019601b000 	/System/Library/PrivateFrameworks/AppleSystemInfo.framework/Versions/A/AppleSystemInfo
0x00000001968d2000 	/System/Library/PrivateFrameworks/IOMobileFramebuffer.framework/Versions/A/IOMobileFramebuffer
0x00000001972b1000 	/usr/lib/libbz2.1.0.dylib
0x0000000196bd2000 	/usr/lib/libCheckFix.dylib
0x0000000190974000 	/System/Library/PrivateFrameworks/TCC.framework/Versions/A/TCC
0x0000000196021000 	/System/Library/PrivateFrameworks/CoreNLP.framework/Versions/A/CoreNLP
0x0000000192de0000 	/System/Library/PrivateFrameworks/MetadataUtilities.framework/Versions/A/MetadataUtilities
0x0000000196c08000 	/usr/lib/libmecab.dylib
0x000000018c9f8000 	/usr/lib/libCRFSuite.dylib
0x0000000196c64000 	/usr/lib/libgermantok.dylib
0x0000000197879000 	/usr/lib/libThaiTokenizer.dylib
0x0000000192ec4000 	/System/Library/Frameworks/Accelerate.framework/Versions/A/Frameworks/vImage.framework/Versions/A/vImage
0x000000019e9ae000 	/System/Library/Frameworks/Accelerate.framework/Versions/A/Frameworks/vecLib.framework/Versions/A/vecLib
0x0000000198bed000 	/System/Library/Frameworks/Accelerate.framework/Versions/A/Frameworks/vecLib.framework/Versions/A/libvMisc.dylib
0x00000001967d1000 	/System/Library/Frameworks/Accelerate.framework/Versions/A/Frameworks/vecLib.framework/Versions/A/libvDSP.dylib
0x000000018c599000 	/System/Library/Frameworks/Accelerate.framework/Versions/A/Frameworks/vecLib.framework/Versions/A/libBLAS.dylib
0x00000001979ab000 	/System/Library/Frameworks/Accelerate.framework/Versions/A/Frameworks/vecLib.framework/Versions/A/libLAPACK.dylib
0x0000000196c67000 	/System/Library/Frameworks/Accelerate.framework/Versions/A/Frameworks/vecLib.framework/Versions/A/libLinearAlgebra.dylib
0x00000001978bb000 	/System/Library/Frameworks/Accelerate.framework/Versions/A/Frameworks/vecLib.framework/Versions/A/libSparseBLAS.dylib
0x00000001979a6000 	/System/Library/Frameworks/Accelerate.framework/Versions/A/Frameworks/vecLib.framework/Versions/A/libQuadrature.dylib
0x0000000196116000 	/System/Library/Frameworks/Accelerate.framework/Versions/A/Frameworks/vecLib.framework/Versions/A/libBNNS.dylib
0x000000018c906000 	/System/Library/Frameworks/Accelerate.framework/Versions/A/Frameworks/vecLib.framework/Versions/A/libSparse.dylib
0x00000002036bf000 	/System/Library/PrivateFrameworks/MIL.framework/Versions/A/MIL
0x0000000197676000 	/usr/lib/libiconv.2.dylib
0x00000001975c9000 	/usr/lib/libcharset.1.dylib
0x00000001938a7000 	/System/Library/Frameworks/OpenDirectory.framework/Versions/A/Frameworks/CFOpenDirectory.framework/Versions/A/CFOpenDirectory
0x0000000193897000 	/System/Library/Frameworks/OpenDirectory.framework/Versions/A/OpenDirectory
0x0000000198b3d000 	/System/Library/PrivateFrameworks/APFS.framework/Versions/A/APFS
0x0000000196b0d000 	/System/Library/Frameworks/SecurityFoundation.framework/Versions/A/SecurityFoundation
0x0000000198bb6000 	/usr/lib/libutil.dylib
0x0000000202513000 	/System/Library/PrivateFrameworks/InstalledContentLibrary.framework/Versions/A/InstalledContentLibrary
0x000000018edf5000 	/System/Library/PrivateFrameworks/CoreServicesStore.framework/Versions/A/CoreServicesStore
0x00000001f9233000 	/System/Library/PrivateFrameworks/AppleMobileFileIntegrity.framework/Versions/A/AppleMobileFileIntegrity
0x00000001ae8fc000 	/usr/lib/libmis.dylib
0x00000001bcaed000 	/System/Library/PrivateFrameworks/MobileSystemServices.framework/Versions/A/MobileSystemServices
0x00000001d804d000 	/System/Library/PrivateFrameworks/ConfigProfileHelper.framework/Versions/A/ConfigProfileHelper
0x000000019787b000 	/System/Library/PrivateFrameworks/AppleSauce.framework/Versions/A/AppleSauce
0x000000018d667000 	/System/Library/PrivateFrameworks/LanguageModeling.framework/Versions/A/LanguageModeling
0x0000000198bba000 	/usr/lib/libxslt.1.dylib
0x0000000197768000 	/usr/lib/libcmph.dylib
0x00000001968bf000 	/System/Library/PrivateFrameworks/CoreEmoji.framework/Versions/A/CoreEmoji
0x0000000196110000 	/System/Library/PrivateFrameworks/LinguisticData.framework/Versions/A/LinguisticData
0x000000018c8be000 	/System/Library/PrivateFrameworks/Lexicon.framework/Versions/A/Lexicon
0x0000000196b9f000 	/System/Library/PrivateFrameworks/BackgroundTaskManagement.framework/Versions/A/BackgroundTaskManagement
0x000000021869f000 	/usr/lib/libTLE.dylib
0x00000002194bb000 	/usr/lib/swift/libswift_RegexParser.dylib
0x0000000199835000 	/System/Library/PrivateFrameworks/AppleJPEG.framework/Versions/A/AppleJPEG
0x0000000198f5b000 	/usr/lib/libexpat.1.dylib
0x0000000199e07000 	/System/Library/Frameworks/ImageIO.framework/Versions/A/Resources/libPng.dylib
0x0000000199e32000 	/System/Library/Frameworks/ImageIO.framework/Versions/A/Resources/libTIFF.dylib
0x0000000199f1a000 	/System/Library/Frameworks/ImageIO.framework/Versions/A/Resources/libGIF.dylib
0x000000019987b000 	/System/Library/Frameworks/ImageIO.framework/Versions/A/Resources/libJP2.dylib
0x0000000199ebf000 	/System/Library/Frameworks/ImageIO.framework/Versions/A/Resources/libJPEG.dylib
0x0000000199eb6000 	/System/Library/Frameworks/ImageIO.framework/Versions/A/Resources/libRadiance.dylib
0x0000000195433000 	/System/Library/PrivateFrameworks/FontServices.framework/libFontParser.dylib
0x0000000192047000 	/System/Library/PrivateFrameworks/RunningBoardServices.framework/Versions/A/RunningBoardServices
0x00000001a4a41000 	/System/Library/PrivateFrameworks/IOSurfaceAccelerator.framework/Versions/A/IOSurfaceAccelerator
0x000000019996c000 	/System/Library/PrivateFrameworks/WatchdogClient.framework/Versions/A/WatchdogClient
0x000000018d7e3000 	/System/Library/Frameworks/CoreDisplay.framework/Versions/A/CoreDisplay
0x000000019530a000 	/System/Library/Frameworks/CoreMedia.framework/Versions/A/CoreMedia
0x00000001950ee000 	/System/Library/PrivateFrameworks/IOAccelerator.framework/Versions/A/IOAccelerator
0x0000000193a38000 	/System/Library/Frameworks/CoreVideo.framework/Versions/A/CoreVideo
0x00000001978ce000 	/System/Library/Frameworks/MetalPerformanceShaders.framework/Versions/A/MetalPerformanceShaders
0x00000001999ad000 	/System/Library/Frameworks/VideoToolbox.framework/Versions/A/VideoToolbox
0x0000000191f84000 	/System/Library/PrivateFrameworks/BaseBoard.framework/Versions/A/BaseBoard
0x0000000199eb1000 	/System/Library/PrivateFrameworks/GPUWrangler.framework/Versions/A/GPUWrangler
0x0000000199e91000 	/System/Library/PrivateFrameworks/IOPresentment.framework/Versions/A/IOPresentment
0x0000000199eb9000 	/System/Library/PrivateFrameworks/DSExternalDisplay.framework/Versions/A/DSExternalDisplay
0x00000001feb30000 	/System/Library/PrivateFrameworks/GPUCompiler.framework/Versions/31001/Libraries/libllvm-flatbuffers.dylib
0x00000001f0897000 	/System/Library/Frameworks/OpenGL.framework/Versions/A/Libraries/libCoreFSCache.dylib
0x00000001feb2c000 	/System/Library/PrivateFrameworks/GPUCompiler.framework/Versions/31001/Libraries/libGPUCompilerUtils.dylib
0x0000000199f20000 	/System/Library/PrivateFrameworks/CMCaptureCore.framework/Versions/A/CMCaptureCore
0x00000001f322b000 	/System/Library/Frameworks/ExtensionFoundation.framework/Versions/A/ExtensionFoundation
0x00000001a06e7000 	/System/Library/PrivateFrameworks/CoreTime.framework/Versions/A/CoreTime
0x000000019951a000 	/System/Library/PrivateFrameworks/AppServerSupport.framework/Versions/A/AppServerSupport
0x000000019b8c5000 	/System/Library/PrivateFrameworks/perfdata.framework/Versions/A/perfdata
0x000000018d903000 	/System/Library/PrivateFrameworks/AudioToolboxCore.framework/Versions/A/AudioToolboxCore
0x00000001952e1000 	/System/Library/PrivateFrameworks/caulk.framework/Versions/A/caulk
0x000000019b17c000 	/usr/lib/libAudioStatistics.dylib
0x00000001add3a000 	/System/Library/PrivateFrameworks/SystemPolicy.framework/Versions/A/SystemPolicy
0x000000019b41c000 	/usr/lib/libSMC.dylib
0x00000001a415f000 	/System/Library/Frameworks/CoreMIDI.framework/Versions/A/CoreMIDI
0x0000000199dd4000 	/usr/lib/libAudioToolboxUtility.dylib
0x00000001a99b6000 	/System/Library/PrivateFrameworks/OSAServicesClient.framework/Versions/A/OSAServicesClient
0x000000019b8d3000 	/usr/lib/libperfcheck.dylib
0x0000000198e46000 	/System/Library/PrivateFrameworks/PlugInKit.framework/Versions/A/PlugInKit
0x0000000196aff000 	/System/Library/PrivateFrameworks/AssertionServices.framework/Versions/A/AssertionServices
0x00000001f08f9000 	/System/Library/Frameworks/OpenGL.framework/Versions/A/Libraries/libGLU.dylib
0x00000001f08b8000 	/System/Library/Frameworks/OpenGL.framework/Versions/A/Libraries/libGFXShared.dylib
0x00000001f0a93000 	/System/Library/Frameworks/OpenGL.framework/Versions/A/Libraries/libGL.dylib
0x00000001f08c1000 	/System/Library/Frameworks/OpenGL.framework/Versions/A/Libraries/libGLImage.dylib
0x00000001f08b5000 	/System/Library/Frameworks/OpenGL.framework/Versions/A/Libraries/libCVMSPluginSupport.dylib
0x000000021867e000 	/usr/lib/libRosetta.dylib
0x00000001f089e000 	/System/Library/Frameworks/OpenGL.framework/Versions/A/Libraries/libCoreVMClient.dylib
0x0000000195f92000 	/System/Library/Frameworks/MetalPerformanceShaders.framework/Versions/A/Frameworks/MPSCore.framework/Versions/A/MPSCore
0x0000000197162000 	/System/Library/Frameworks/MetalPerformanceShaders.framework/Versions/A/Frameworks/MPSImage.framework/Versions/A/MPSImage
0x0000000196c7c000 	/System/Library/Frameworks/MetalPerformanceShaders.framework/Versions/A/Frameworks/MPSNeuralNetwork.framework/Versions/A/MPSNeuralNetwork
0x0000000197064000 	/System/Library/Frameworks/MetalPerformanceShaders.framework/Versions/A/Frameworks/MPSMatrix.framework/Versions/A/MPSMatrix
0x0000000196e76000 	/System/Library/Frameworks/MetalPerformanceShaders.framework/Versions/A/Frameworks/MPSRayIntersector.framework/Versions/A/MPSRayIntersector
0x0000000197093000 	/System/Library/Frameworks/MetalPerformanceShaders.framework/Versions/A/Frameworks/MPSNDArray.framework/Versions/A/MPSNDArray
0x00000001f46fb000 	/System/Library/Frameworks/MetalPerformanceShaders.framework/Versions/A/Frameworks/MPSFunctions.framework/Versions/A/MPSFunctions
0x000000018c45e000 	/System/Library/PrivateFrameworks/MetalTools.framework/Versions/A/MetalTools
0x0000000196019000 	/System/Library/PrivateFrameworks/AggregateDictionary.framework/Versions/A/AggregateDictionary
0x0000000198cfe000 	/usr/lib/libIOReport.dylib
0x00000001a334b000 	/System/Library/PrivateFrameworks/ASEProcessing.framework/Versions/A/ASEProcessing
0x000000020751b000 	/System/Library/PrivateFrameworks/PhotosensitivityProcessing.framework/Versions/A/PhotosensitivityProcessing
0x00000001990b8000 	/System/Library/PrivateFrameworks/GraphVisualizer.framework/Versions/A/GraphVisualizer
0x00000001fea4d000 	/System/Library/PrivateFrameworks/FontServices.framework/Versions/A/FontServices
0x00000001994d8000 	/System/Library/PrivateFrameworks/OTSVG.framework/Versions/A/OTSVG
0x00000001935eb000 	/System/Library/Frameworks/ApplicationServices.framework/Versions/A/Frameworks/ATS.framework/Versions/A/Resources/libFontRegistry.dylib
0x0000000199524000 	/System/Library/PrivateFrameworks/FontServices.framework/libhvf.dylib
0x00000001fea4e000 	/System/Library/PrivateFrameworks/FontServices.framework/libXTFontStaticRegistryData.dylib
0x00000001b9159000 	/usr/lib/swift/libswiftMetal.dylib
0x00000001b17fa000 	/usr/lib/swift/libswiftsimd.dylib
0x00000002114ec000 	/System/Library/PrivateFrameworks/VideoToolboxParavirtualizationSupport.framework/Versions/A/VideoToolboxParavirtualizationSupport
0x0000000198f0f000 	/System/Library/PrivateFrameworks/AppleVA.framework/Versions/A/AppleVA
0x000000019b1bc000 	/System/Library/Frameworks/ApplicationServices.framework/Versions/A/Frameworks/ATS.framework/Versions/A/ATS
0x00000001914f7000 	/System/Library/Frameworks/ApplicationServices.framework/Versions/A/Frameworks/HIServices.framework/Versions/A/HIServices
0x0000000199f2c000 	/System/Library/Frameworks/ApplicationServices.framework/Versions/A/Frameworks/PrintCore.framework/Versions/A/PrintCore
0x000000019b575000 	/System/Library/Frameworks/ApplicationServices.framework/Versions/A/Frameworks/QD.framework/Versions/A/QD
0x000000019b569000 	/System/Library/Frameworks/ApplicationServices.framework/Versions/A/Frameworks/ColorSyncLegacy.framework/Versions/A/ColorSyncLegacy
0x000000019b190000 	/System/Library/Frameworks/ApplicationServices.framework/Versions/A/Frameworks/SpeechSynthesis.framework/Versions/A/SpeechSynthesis
0x0000000199eea000 	/System/Library/Frameworks/ApplicationServices.framework/Versions/A/Frameworks/ATSUI.framework/Versions/A/ATSUI
0x000000019b4fc000 	/usr/lib/libcups.2.dylib
0x000000019b8e1000 	/System/Library/Frameworks/Kerberos.framework/Versions/A/Kerberos
0x000000019b8f2000 	/System/Library/Frameworks/GSS.framework/Versions/A/GSS
0x000000019b22e000 	/usr/lib/libresolv.9.dylib
0x0000000199534000 	/System/Library/PrivateFrameworks/Heimdal.framework/Versions/A/Heimdal
0x00000001a2464000 	/System/Library/Frameworks/Kerberos.framework/Versions/A/Libraries/libHeimdalProxy.dylib
0x000000019b94a000 	/System/Library/PrivateFrameworks/CommonAuth.framework/Versions/A/CommonAuth
0x00000001f2433000 	/System/Library/Frameworks/AVFAudio.framework/Versions/A/AVFAudio
0x00000001a9a05000 	/System/Library/PrivateFrameworks/AXCoreUtilities.framework/Versions/A/AXCoreUtilities
0x000000019b108000 	/System/Library/PrivateFrameworks/AudioSession.framework/Versions/A/AudioSession
0x000000019c6c2000 	/System/Library/Frameworks/IOBluetooth.framework/Versions/A/IOBluetooth
0x0000000199011000 	/System/Library/PrivateFrameworks/MediaExperience.framework/Versions/A/MediaExperience
0x000000019afa7000 	/System/Library/PrivateFrameworks/AudioSession.framework/libSessionUtility.dylib
0x000000019b581000 	/System/Library/PrivateFrameworks/AudioResourceArbitration.framework/Versions/A/AudioResourceArbitration
0x000000019f5ea000 	/System/Library/PrivateFrameworks/PowerLog.framework/Versions/A/PowerLog
0x000000019f529000 	/System/Library/Frameworks/CoreBluetooth.framework/Versions/A/CoreBluetooth
0x00000001a2465000 	/System/Library/Frameworks/AudioUnit.framework/Versions/A/AudioUnit
0x000000019695e000 	/System/Library/PrivateFrameworks/CoreUtils.framework/Versions/A/CoreUtils
0x00000001fd320000 	/System/Library/PrivateFrameworks/CoreUtilsExtras.framework/Versions/A/CoreUtilsExtras
0x00000002023a9000 	/System/Library/PrivateFrameworks/IO80211.framework/Versions/A/IO80211
0x0000000198f81000 	/System/Library/PrivateFrameworks/IconFoundation.framework/Versions/A/IconFoundation
0x000000019e5d8000 	/System/Library/PrivateFrameworks/SpeechRecognitionCore.framework/Versions/A/SpeechRecognitionCore
0x0000000105d38000 	/Library/Java/JavaVirtualMachines/zulu-8.jdk/Contents/Home/jre/lib/server/libjvm.dylib
0x0000000105094000 	/Library/Java/JavaVirtualMachines/zulu-8.jdk/Contents/Home/jre/lib/libverify.dylib
0x00000001050f8000 	/Library/Java/JavaVirtualMachines/zulu-8.jdk/Contents/Home/jre/lib/libjava.dylib
0x0000000105194000 	/Library/Java/JavaVirtualMachines/zulu-8.jdk/Contents/Home/jre/lib/libjdwp.dylib
0x00000001050ac000 	/Library/Java/JavaVirtualMachines/zulu-8.jdk/Contents/Home/jre/lib/libnpt.dylib
0x0000000105144000 	/Library/Java/JavaVirtualMachines/zulu-8.jdk/Contents/Home/jre/lib/libinstrument.dylib
0x00000001050dc000 	/Library/Java/JavaVirtualMachines/zulu-8.jdk/Contents/Home/jre/lib/libzip.dylib
0x0000000105178000 	/Library/Java/JavaVirtualMachines/zulu-8.jdk/Contents/Home/jre/lib/libdt_socket.dylib
0x000000011ad18000 	/Library/Java/JavaVirtualMachines/zulu-8.jdk/Contents/Home/jre/lib/libnio.dylib
0x000000011ad68000 	/Library/Java/JavaVirtualMachines/zulu-8.jdk/Contents/Home/jre/lib/libnet.dylib
0x000000011ad94000 	/Library/Java/JavaVirtualMachines/zulu-8.jdk/Contents/Home/jre/lib/libmanagement.dylib
0x000000011afd8000 	/Users/lankl/Library/Caches/JNA/temp/jna8616208877587987117.tmp
0x000000011e638000 	/Library/Java/JavaVirtualMachines/zulu-8.jdk/Contents/Home/jre/lib/libsunec.dylib
0x000000011f700000 	/Library/Java/JavaVirtualMachines/zulu-8.jdk/Contents/Home/jre/lib/libawt.dylib
0x000000013b400000 	/Library/Java/JavaVirtualMachines/zulu-8.jdk/Contents/Home/jre/lib/libmlib_image.dylib
0x000000011f670000 	/Library/Java/JavaVirtualMachines/zulu-8.jdk/Contents/Home/jre/lib/JavaNativeFoundation.framework/JavaNativeFoundation
0x00000001f382c000 	/System/Library/Frameworks/JavaRuntimeSupport.framework/Versions/A/JavaRuntimeSupport
0x00000001ad732000 	/System/Library/Frameworks/Carbon.framework/Versions/A/Carbon
0x00000001a05fb000 	/System/Library/PrivateFrameworks/CoreSymbolication.framework/Versions/A/CoreSymbolication
0x00000001a5fd8000 	/System/Library/Frameworks/Carbon.framework/Versions/A/Frameworks/CommonPanels.framework/Versions/A/CommonPanels
0x00000001a1dd0000 	/System/Library/Frameworks/Carbon.framework/Versions/A/Frameworks/Help.framework/Versions/A/Help
0x00000001a5fdc000 	/System/Library/Frameworks/Carbon.framework/Versions/A/Frameworks/ImageCapture.framework/Versions/A/ImageCapture
0x00000001a5fb0000 	/System/Library/Frameworks/Carbon.framework/Versions/A/Frameworks/OpenScripting.framework/Versions/A/OpenScripting
0x00000001a5fd4000 	/System/Library/Frameworks/Carbon.framework/Versions/A/Frameworks/Ink.framework/Versions/A/Ink
0x00000001ad72e000 	/System/Library/Frameworks/Carbon.framework/Versions/A/Frameworks/Print.framework/Versions/A/Print
0x00000001a5fd0000 	/System/Library/Frameworks/Carbon.framework/Versions/A/Frameworks/SecurityHI.framework/Versions/A/SecurityHI
0x00000001a05b6000 	/System/Library/PrivateFrameworks/DebugSymbols.framework/Versions/A/DebugSymbols
0x000000013b4a4000 	/Library/Java/JavaVirtualMachines/zulu-8.jdk/Contents/Home/jre/lib/libawt_lwawt.dylib
0x000000012b700000 	/Library/Java/JavaVirtualMachines/zulu-8.jdk/Contents/Home/jre/lib/libosxapp.dylib
0x00000001ac903000 	/System/Library/Frameworks/ExceptionHandling.framework/Versions/A/ExceptionHandling
0x000000013cf00000 	/Library/Java/JavaVirtualMachines/zulu-8.jdk/Contents/Home/jre/lib/libfontmanager.dylib
0x000000013f9e4000 	/Library/Java/JavaVirtualMachines/zulu-8.jdk/Contents/Home/jre/lib/libfreetype.dylib.6

VM Arguments:
jvm_args: -agentlib:jdwp=transport=dt_socket,address=127.0.0.1:63473,suspend=y,server=n -Xverify:none -XX:TieredStopAtLevel=1 -Xverify:none -Dspring.output.ansi.enabled=always -javaagent:/Users/lankl/Library/Caches/JetBrains/IntelliJIdea2021.1/captureAgent/debugger-agent.jar -Dcom.sun.management.jmxremote -Dspring.jmx.enabled=true -Dspring.liveBeansView.mbeanDomain -Dspring.application.admin.enabled=true -Dfile.encoding=UTF-8 
java_command: com.dt.platform.wrapper.WrapperAllApp licence-debug-CP
java_class_path (initial): /Library/Java/JavaVirtualMachines/zulu-8.jdk/Contents/Home/jre/lib/charsets.jar:/Library/Java/JavaVirtualMachines/zulu-8.jdk/Contents/Home/jre/lib/ext/cldrdata.jar:/Library/Java/JavaVirtualMachines/zulu-8.jdk/Contents/Home/jre/lib/ext/dnsns.jar:/Library/Java/JavaVirtualMachines/zulu-8.jdk/Contents/Home/jre/lib/ext/jaccess.jar:/Library/Java/JavaVirtualMachines/zulu-8.jdk/Contents/Home/jre/lib/ext/legacy8ujsse.jar:/Library/Java/JavaVirtualMachines/zulu-8.jdk/Contents/Home/jre/lib/ext/localedata.jar:/Library/Java/JavaVirtualMachines/zulu-8.jdk/Contents/Home/jre/lib/ext/nashorn.jar:/Library/Java/JavaVirtualMachines/zulu-8.jdk/Contents/Home/jre/lib/ext/openjsse.jar:/Library/Java/JavaVirtualMachines/zulu-8.jdk/Contents/Home/jre/lib/ext/sunec.jar:/Library/Java/JavaVirtualMachines/zulu-8.jdk/Contents/Home/jre/lib/ext/sunjce_provider.jar:/Library/Java/JavaVirtualMachines/zulu-8.jdk/Contents/Home/jre/lib/ext/sunpkcs11.jar:/Library/Java/JavaVirtualMachines/zulu-8.jdk/Contents/Home/jre/lib/ext/zipfs.jar:/Library/Java/JavaVirtualMachines/zulu-8.jdk/Contents/Home/jre/lib/jce.jar:/Library/Java/JavaVirtualMachines/zulu-8.jdk/Contents/Home/jre/lib/jfr.jar:/Library/Java/JavaVirtualMachines/zulu-8.jdk/Contents/Home/jre/lib/jsse.jar:/Library/Java/JavaVirtualMachines/zulu-8.jdk/Contents/Home/jre/lib/management-agent.jar:/Library/Java/JavaVirtualMachines/zulu-8.jdk/Contents/Home/jre/lib/resources.jar:/Library/Java/JavaVirtualMachines/zulu-8.jdk/Contents/Home/jre/lib/rt.jar:/Users/lankl/IdeaProjects/eam/platform/wrapper/wrapper-all/target/classes:/Users/lankl/.m2/repository/com/foxnicweb/web/service-storage/1.8.0.RELEASE/service-storage-1.8.0.RELEASE.jar:/Users/lankl/.m2/repository/com/foxnicweb/web/framework-boot/1.8.0.RELEASE/framework-boot-1.8.0.RELEASE.jar:/Users/lankl/.m2/repository/com/foxnicweb/foxnic-commons/1.8.0.RELEASE/foxnic-commons-1.8.0.RELEASE.jar:/Users/lankl/.m2/repository/org/tukaani/xz/1.9/xz-1.9.jar:/Users/lankl/.m2/repository/com/aventrix/
Launcher Type: SUN_STANDARD

Environment Variables:
PATH=/usr/bin:/bin:/usr/sbin:/sbin
SHELL=/bin/zsh

Signal Handlers:
SIGSEGV: [libjvm.dylib+0x560028], sa_mask[0]=11111111011111110111111111111111, sa_flags=SA_ONSTACK|SA_RESTART|SA_SIGINFO
SIGBUS: [libjvm.dylib+0x560028], sa_mask[0]=11111111011111110111111111111111, sa_flags=SA_RESTART|SA_SIGINFO
SIGFPE: [libjvm.dylib+0x45905c], sa_mask[0]=11111111011111110111111111111111, sa_flags=SA_RESTART|SA_SIGINFO
SIGPIPE: [libjvm.dylib+0x45905c], sa_mask[0]=11111111011111110111111111111111, sa_flags=SA_RESTART|SA_SIGINFO
SIGXFSZ: [libjvm.dylib+0x45905c], sa_mask[0]=11111111011111110111111111111111, sa_flags=SA_RESTART|SA_SIGINFO
SIGILL: [libjvm.dylib+0x45905c], sa_mask[0]=11111111011111110111111111111111, sa_flags=SA_RESTART|SA_SIGINFO
SIGUSR1: SIG_DFL, sa_mask[0]=00000000000000000000000000000000, sa_flags=none
SIGUSR2: [libjvm.dylib+0x459980], sa_mask[0]=00100000000000000000000000000000, sa_flags=SA_RESTART|SA_SIGINFO
SIGHUP: [libjvm.dylib+0x457908], sa_mask[0]=11111111011111110111111111111111, sa_flags=SA_RESTART|SA_SIGINFO
SIGINT: [libjvm.dylib+0x457908], sa_mask[0]=11111111011111110111111111111111, sa_flags=SA_RESTART|SA_SIGINFO
SIGTERM: [libjvm.dylib+0x457908], sa_mask[0]=11111111011111110111111111111111, sa_flags=SA_RESTART|SA_SIGINFO
SIGQUIT: [libjvm.dylib+0x457908], sa_mask[0]=11111111011111110111111111111111, sa_flags=SA_RESTART|SA_SIGINFO


---------------  S Y S T E M  ---------------

OS:Bsduname:Darwin 22.6.0 Darwin Kernel Version 22.6.0: Wed Jul  5 22:22:05 PDT 2023; root:xnu-8796.141.3~6/RELEASE_ARM64_T6000 arm64
rlimit: STACK 8176k, CORE 0k, NPROC 2666, NOFILE 10240, AS infinity
load average:11.81 12.63 9.15

CPU:total 8 (initial active 8) 0x61:0x0:0x1b588bb3:0, simd, crc, lse

Memory: 16k page, physical 16777216k(91872k free)

/proc/meminfo:


vm_info: OpenJDK 64-Bit Server VM (25.322-b06) for bsd-aarch64 JRE (Zulu 8.60.0.21-CA-macos-aarch64) (1.8.0_322-b06), built on Jan 13 2022 06:45:04 by "zulu_re" with gcc Apple LLVM 12.0.0 (clang-1200.0.32.28)

time: Sun Jun  2 09:17:13 2024
timezone: CST
elapsed time: 1069.982257 seconds (0d 0h 17m 49s)

