init db data
to getTablesFromDb
to getCreateTables eam_supplier
to getCreateTable
to getAllTableColumns eam_supplier
to getTableColumns table eam_supplier column
to getTableColumns table eam_supplier column
to getTableColumns table eam_supplier column
to getTableColumns table eam_supplier column
to getTableColumns table eam_supplier column
to getTableColumns table eam_supplier column
to getTableColumns table eam_supplier column
to getTableColumns table eam_supplier column
to getTableColumns table eam_supplier column
to getTableColumns table eam_supplier column
to getTableColumns table eam_supplier column
to getTableColumns table eam_supplier column
to getTableColumns table eam_supplier column
to getTableColumns table eam_supplier column
to getTableColumns table eam_supplier column
to getTableColumns table eam_supplier column
to getTableColumns table eam_supplier column
to getAllTableKeys
to getTableKeys
init db data
to getTablesFromDb
to getCreateTables eam_supplier
to getCreateTable
to getAllTableColumns eam_supplier
to getTableColumns table eam_supplier column
to getTableColumns table eam_supplier column
to getTableColumns table eam_supplier column
to getTableColumns table eam_supplier column
to getTableColumns table eam_supplier column
to getTableColumns table eam_supplier column
to getTableColumns table eam_supplier column
to getTableColumns table eam_supplier column
to getTableColumns table eam_supplier column
to getTableColumns table eam_supplier column
to getTableColumns table eam_supplier column
to getTableColumns table eam_supplier column
to getTableColumns table eam_supplier column
to getTableColumns table eam_supplier column
to getTableColumns table eam_supplier column
to getTableColumns table eam_supplier column
to getTableColumns table eam_supplier column
to getTableColumns table eam_supplier column
to getAllTableKeys
to getTableKeys
start to compareSchema
init db data
to getTablesFromDb
to getCreateTables eam_supplier
to getCreateTable
to getAllTableColumns eam_supplier
to getTableColumns table eam_supplier column
to getTableColumns table eam_supplier column
to getTableColumns table eam_supplier column
to getTableColumns table eam_supplier column
to getTableColumns table eam_supplier column
to getTableColumns table eam_supplier column
to getTableColumns table eam_supplier column
to getTableColumns table eam_supplier column
to getTableColumns table eam_supplier column
to getTableColumns table eam_supplier column
to getTableColumns table eam_supplier column
to getTableColumns table eam_supplier column
to getTableColumns table eam_supplier column
to getTableColumns table eam_supplier column
to getTableColumns table eam_supplier column
to getTableColumns table eam_supplier column
to getTableColumns table eam_supplier column
to getAllTableKeys
to getTableKeys
init db data
to getTablesFromDb
to getCreateTables eam_supplier
to getCreateTable
to getAllTableColumns eam_supplier
to getTableColumns table eam_supplier column
to getTableColumns table eam_supplier column
to getTableColumns table eam_supplier column
to getTableColumns table eam_supplier column
to getTableColumns table eam_supplier column
to getTableColumns table eam_supplier column
to getTableColumns table eam_supplier column
to getTableColumns table eam_supplier column
to getTableColumns table eam_supplier column
to getTableColumns table eam_supplier column
to getTableColumns table eam_supplier column
to getTableColumns table eam_supplier column
to getTableColumns table eam_supplier column
to getTableColumns table eam_supplier column
to getTableColumns table eam_supplier column
to getTableColumns table eam_supplier column
to getTableColumns table eam_supplier column
to getTableColumns table eam_supplier column
to getAllTableKeys
to getTableKeys
start to compareTables
eam_supplier  supplier_name
eam_supplier  business_contacts
eam_supplier  business_contacts_info
eam_supplier  after_sales_contacts
eam_supplier  after_sales_contacts_info
eam_supplier  unit_code
eam_supplier  supplier_notes
eam_supplier  create_by
eam_supplier  create_time
eam_supplier  update_by
eam_supplier  update_time
eam_supplier  deleted
eam_supplier  delete_by
eam_supplier  delete_time
eam_supplier  id
eam_supplier  version
eam_supplier  tenant_id
start to compareKeys
#######finish######
行数:2
alter table diffB.eam_supplier change create_by create_by int(18) NULL COMMENT '创建人ID' ;
alter table diffB.eam_supplier drop address ;
init db data
to getTablesFromDb
to getCreateTables eam_supplier
to getCreateTable
to getAllTableColumns eam_supplier
to getTableColumns table eam_supplier column
to getTableColumns table eam_supplier column
to getTableColumns table eam_supplier column
to getTableColumns table eam_supplier column
to getTableColumns table eam_supplier column
to getTableColumns table eam_supplier column
to getTableColumns table eam_supplier column
to getTableColumns table eam_supplier column
to getTableColumns table eam_supplier column
to getTableColumns table eam_supplier column
to getTableColumns table eam_supplier column
to getTableColumns table eam_supplier column
to getTableColumns table eam_supplier column
to getTableColumns table eam_supplier column
to getTableColumns table eam_supplier column
to getTableColumns table eam_supplier column
to getTableColumns table eam_supplier column
to getAllTableKeys
to getTableKeys
init db data
to getTablesFromDb
to getCreateTables eam_supplier
to getCreateTable
to getAllTableColumns eam_supplier
to getTableColumns table eam_supplier column
to getTableColumns table eam_supplier column
to getTableColumns table eam_supplier column
to getTableColumns table eam_supplier column
to getTableColumns table eam_supplier column
to getTableColumns table eam_supplier column
to getTableColumns table eam_supplier column
to getTableColumns table eam_supplier column
to getTableColumns table eam_supplier column
to getTableColumns table eam_supplier column
to getTableColumns table eam_supplier column
to getTableColumns table eam_supplier column
to getTableColumns table eam_supplier column
to getTableColumns table eam_supplier column
to getTableColumns table eam_supplier column
to getTableColumns table eam_supplier column
to getTableColumns table eam_supplier column
to getTableColumns table eam_supplier column
to getAllTableKeys
to getTableKeys
start to compareSchema
init db data
to getTablesFromDb
to getCreateTables eam_supplier
to getCreateTable
to getAllTableColumns eam_supplier
to getTableColumns table eam_supplier column
to getTableColumns table eam_supplier column
to getTableColumns table eam_supplier column
to getTableColumns table eam_supplier column
to getTableColumns table eam_supplier column
to getTableColumns table eam_supplier column
to getTableColumns table eam_supplier column
to getTableColumns table eam_supplier column
to getTableColumns table eam_supplier column
to getTableColumns table eam_supplier column
to getTableColumns table eam_supplier column
to getTableColumns table eam_supplier column
to getTableColumns table eam_supplier column
to getTableColumns table eam_supplier column
to getTableColumns table eam_supplier column
to getTableColumns table eam_supplier column
to getTableColumns table eam_supplier column
to getAllTableKeys
to getTableKeys
init db data
to getTablesFromDb
to getCreateTables eam_supplier
to getCreateTable
to getAllTableColumns eam_supplier
to getTableColumns table eam_supplier column
to getTableColumns table eam_supplier column
to getTableColumns table eam_supplier column
to getTableColumns table eam_supplier column
to getTableColumns table eam_supplier column
to getTableColumns table eam_supplier column
to getTableColumns table eam_supplier column
to getTableColumns table eam_supplier column
to getTableColumns table eam_supplier column
to getTableColumns table eam_supplier column
to getTableColumns table eam_supplier column
to getTableColumns table eam_supplier column
to getTableColumns table eam_supplier column
to getTableColumns table eam_supplier column
to getTableColumns table eam_supplier column
to getTableColumns table eam_supplier column
to getTableColumns table eam_supplier column
to getTableColumns table eam_supplier column
to getAllTableKeys
to getTableKeys
start to compareTables
eam_supplier  supplier_name
eam_supplier  business_contacts
eam_supplier  business_contacts_info
eam_supplier  after_sales_contacts
eam_supplier  after_sales_contacts_info
eam_supplier  unit_code
eam_supplier  supplier_notes
eam_supplier  create_by
eam_supplier  create_time
eam_supplier  update_by
eam_supplier  update_time
eam_supplier  deleted
eam_supplier  delete_by
eam_supplier  delete_time
eam_supplier  id
eam_supplier  version
eam_supplier  tenant_id
start to compareKeys
#######finish######
行数:2
alter table diffB.eam_supplier change create_by create_by int(18) NULL COMMENT '创建人ID' ;
alter table diffB.eam_supplier drop address ;
init db data
to getTablesFromDb
to getCreateTables eam_supplier
to getCreateTable
to getAllTableColumns eam_supplier
to getTableColumns table eam_supplier column
to getTableColumns table eam_supplier column
to getTableColumns table eam_supplier column
to getTableColumns table eam_supplier column
to getTableColumns table eam_supplier column
to getTableColumns table eam_supplier column
to getTableColumns table eam_supplier column
to getTableColumns table eam_supplier column
to getTableColumns table eam_supplier column
to getTableColumns table eam_supplier column
to getTableColumns table eam_supplier column
to getTableColumns table eam_supplier column
to getTableColumns table eam_supplier column
to getTableColumns table eam_supplier column
to getTableColumns table eam_supplier column
to getTableColumns table eam_supplier column
to getTableColumns table eam_supplier column
to getAllTableKeys
to getTableKeys
init db data
to getTablesFromDb
to getCreateTables eam_supplier
to getCreateTable
to getAllTableColumns eam_supplier
to getTableColumns table eam_supplier column
to getTableColumns table eam_supplier column
to getTableColumns table eam_supplier column
to getTableColumns table eam_supplier column
to getTableColumns table eam_supplier column
to getTableColumns table eam_supplier column
to getTableColumns table eam_supplier column
to getTableColumns table eam_supplier column
to getTableColumns table eam_supplier column
to getTableColumns table eam_supplier column
to getTableColumns table eam_supplier column
to getTableColumns table eam_supplier column
to getTableColumns table eam_supplier column
to getTableColumns table eam_supplier column
to getTableColumns table eam_supplier column
to getTableColumns table eam_supplier column
to getTableColumns table eam_supplier column
to getTableColumns table eam_supplier column
to getAllTableKeys
to getTableKeys
start to compareSchema
init db data
to getTablesFromDb
to getCreateTables eam_supplier
to getCreateTable
to getAllTableColumns eam_supplier
to getTableColumns table eam_supplier column
to getTableColumns table eam_supplier column
to getTableColumns table eam_supplier column
to getTableColumns table eam_supplier column
to getTableColumns table eam_supplier column
to getTableColumns table eam_supplier column
to getTableColumns table eam_supplier column
to getTableColumns table eam_supplier column
to getTableColumns table eam_supplier column
to getTableColumns table eam_supplier column
to getTableColumns table eam_supplier column
to getTableColumns table eam_supplier column
to getTableColumns table eam_supplier column
to getTableColumns table eam_supplier column
to getTableColumns table eam_supplier column
to getTableColumns table eam_supplier column
to getTableColumns table eam_supplier column
to getAllTableKeys
to getTableKeys
init db data
to getTablesFromDb
to getCreateTables eam_supplier
to getCreateTable
to getAllTableColumns eam_supplier
to getTableColumns table eam_supplier column
to getTableColumns table eam_supplier column
to getTableColumns table eam_supplier column
to getTableColumns table eam_supplier column
to getTableColumns table eam_supplier column
to getTableColumns table eam_supplier column
to getTableColumns table eam_supplier column
to getTableColumns table eam_supplier column
to getTableColumns table eam_supplier column
to getTableColumns table eam_supplier column
to getTableColumns table eam_supplier column
to getTableColumns table eam_supplier column
to getTableColumns table eam_supplier column
to getTableColumns table eam_supplier column
to getTableColumns table eam_supplier column
to getTableColumns table eam_supplier column
to getTableColumns table eam_supplier column
to getTableColumns table eam_supplier column
to getAllTableKeys
to getTableKeys
start to compareTables
eam_supplier  supplier_name
eam_supplier  business_contacts
eam_supplier  business_contacts_info
eam_supplier  after_sales_contacts
eam_supplier  after_sales_contacts_info
eam_supplier  unit_code
eam_supplier  supplier_notes
eam_supplier  create_by
eam_supplier  create_time
eam_supplier  update_by
eam_supplier  update_time
eam_supplier  deleted
eam_supplier  delete_by
eam_supplier  delete_time
eam_supplier  id
eam_supplier  version
eam_supplier  tenant_id
start to compareKeys
#######finish######
行数:2
alter table diffB.eam_supplier change create_by create_by int(18) NULL COMMENT '创建人ID' ;
alter table diffB.eam_supplier drop address ;
