15:18:31.868 [main] - [] - INFO  o.g.f.w.w.WrapperCamundaApp - [logStarting,55] - Starting WrapperCamundaApp on lankLdeMacBook-Pro.local with PID 84120 (/Users/lankl/IdeaProjects/eam/eam/wrapper/wrapper-camunda/target/classes started by lankl in /Users/lankl/IdeaProjects/eam)
15:18:31.870 [main] - [] - INFO  o.g.f.w.w.WrapperCamundaApp - [logStartupProfileInfo,651] - No active profile set, falling back to default profiles: default
15:18:32.604 [main] - [] - INFO  c.g.f.s.a.a.ApplicationAwareHandler - [setApplicationContext,50] - service-bpm(default) is ready on port 8099
15:18:32.890 [main] - [] - INFO  o.c.b.s.b.s.r.CamundaJerseyResourceConfig - [registerCamundaRestResources,38] - Configuring camunda rest api.
15:18:32.902 [main] - [] - INFO  o.c.b.s.b.s.r.CamundaJerseyResourceConfig - [registerCamundaRestResources,44] - Finished configuring camunda rest api.
15:18:37.064 [simple-taskmgr] - [] - INFO  c.g.f.d.s.l.TQLCache - [scan,217] - TQL Scan Complete
15:18:37.461 [main] - [] - INFO  c.g.f.s.m.ControllerAspector - [init,56] - ControllerAspector Init
15:18:37.862 [main] - [] - INFO  o.c.bpm.spring.boot - [logInfo,132] - STARTER-SB040 Setting up jobExecutor with corePoolSize=3, maxPoolSize:10
15:18:37.932 [main] - [] - INFO  o.c.bpm.engine.cfg - [logInfo,132] - ENGINE-12003 Plugin 'CompositeProcessEnginePlugin[genericPropertiesConfiguration, getCamundaDatasourceConfiguration, camundaProcessEngineConfiguration, camundaJobConfiguration, camundaHistoryConfiguration, camundaMetricsConfiguration, camundaAuthorizationConfiguration, CreateAdminUserConfiguration[adminUser=AdminUserProperty[id=110588348101165911, firstName=admin, lastName=110588348101165911, email=110588348101165911@localhost, password=******]], failedJobConfiguration, CamundaGlobalListenerPlugin, disableDeploymentResourcePattern, eventPublisherPlugin, ApplicationContextClassloaderSwitchPlugin, SpringBootSpinProcessEnginePlugin]' activated on process engine 'default'
15:18:37.949 [main] - [] - INFO  o.c.bpm.spring.boot - [logInfo,132] - STARTER-SB020 ProcessApplication enabled: autoDeployment via springConfiguration#deploymentResourcePattern is disabled
15:18:37.950 [main] - [] - INFO  o.c.b.s.b.s.e.EventPublisherPlugin - [preInit,57] - EVENTING-001: Initialized Camunda Spring Boot Eventing Engine Plugin.
15:18:37.951 [main] - [] - INFO  o.c.b.s.b.s.e.EventPublisherPlugin - [preInit,59] - EVENTING-003: Task events will be published as Spring Events.
15:18:37.951 [main] - [] - INFO  o.c.b.s.b.s.e.EventPublisherPlugin - [preInit,65] - EVENTING-005: Execution events will be published as Spring Events.
15:18:37.952 [main] - [] - INFO  o.c.b.s.b.s.e.EventPublisherPlugin - [preInit,74] - EVENTING-007: History events will be published as Spring events.
15:18:37.953 [main] - [] - INFO  org.camunda.spin - [logInfo,132] - SPIN-01010 Discovered Spin data format provider: org.camunda.spin.impl.json.jackson.format.JacksonJsonDataFormatProvider[name = application/json]
15:18:37.967 [main] - [] - INFO  org.camunda.spin - [logInfo,132] - SPIN-01011 Discovered Spin data format configurator: class org.camunda.bpm.spring.boot.starter.spin.CamundaJacksonFormatConfiguratorJSR310[dataformat = org.camunda.spin.impl.json.jackson.format.JacksonJsonDataFormat]
15:18:37.968 [main] - [] - INFO  org.camunda.spin - [logInfo,132] - SPIN-01011 Discovered Spin data format configurator: class org.camunda.bpm.spring.boot.starter.spin.CamundaJacksonFormatConfiguratorParameterNames[dataformat = org.camunda.spin.impl.json.jackson.format.JacksonJsonDataFormat]
15:18:37.968 [main] - [] - INFO  org.camunda.spin - [logInfo,132] - SPIN-01011 Discovered Spin data format configurator: class org.camunda.bpm.spring.boot.starter.spin.CamundaJacksonFormatConfiguratorJdk8[dataformat = org.camunda.spin.impl.json.jackson.format.JacksonJsonDataFormat]
15:18:37.968 [main] - [] - INFO  org.camunda.spin - [logInfo,132] - SPIN-01009 Discovered Spin data format: org.camunda.spin.impl.json.jackson.format.JacksonJsonDataFormat[name = application/json]
15:18:37.990 [main] - [] - INFO  o.c.b.dmn.feel.scala - [logInfo,132] - FEEL/SCALA-01001 Spin value mapper detected
15:18:38.076 [main] - [] - INFO  o.c.feel.FeelEngine - [<init>,124] - Engine created. [value-mapper: CompositeValueMapper(List(org.camunda.feel.impl.JavaValueMapper@1f3f434, org.camunda.spin.plugin.impl.feel.integration.SpinValueMapper@26612078)), function-provider: org.camunda.bpm.dmn.feel.impl.scala.function.CustomFunctionTransformer@6585df70, clock: SystemClock, configuration: Configuration(false)]
15:18:43.623 [main] - [] - INFO  o.c.bpm.connect - [logInfo,132] - CNCT-01004 Discovered provider for connector id 'http-connector' and class 'org.camunda.connect.httpclient.impl.HttpConnectorImpl': 'org.camunda.connect.httpclient.impl.HttpConnectorProviderImpl'
15:18:43.625 [main] - [] - INFO  o.c.bpm.connect - [logInfo,132] - CNCT-01004 Discovered provider for connector id 'soap-http-connector' and class 'org.camunda.connect.httpclient.soap.impl.SoapHttpConnectorImpl': 'org.camunda.connect.httpclient.soap.impl.SoapHttpConnectorProviderImpl'
15:18:48.647 [main] - [] - INFO  o.camunda.bpm.engine - [logInfo,132] - ENGINE-00001 Process Engine default created.
15:18:48.815 [main] - [] - INFO  o.c.bpm.spring.boot - [logInfo,132] - STARTER-SB011 skip creating initial Admin User, user does exist: UserEntity[id=110588348101165911, revision=1, firstName=admin, lastName=110588348101165911, email=110588348101165911@localhost, password={SHA-512}KeZGvPYYGSodkUou01tDVffPkzdlIaxhSnGWLDRZ1+o1qxE6pD9n3u0NT7WEvPu7Zjs3WRhi1ZhGFISZdtwZiw==, salt=1K+ksfsYMlhUJEWyuKZeXw==, lockExpirationTime=null, attempts=0]
15:18:49.111 [main] - [] - INFO  o.c.b.s.b.s.w.f.LazyInitRegistration - [lazyInit,66] - lazy initialized org.camunda.bpm.spring.boot.starter.webapp.filter.LazyProcessEnginesFilter@7bb3294c
15:18:49.134 [main] - [] - INFO  o.c.b.s.b.s.w.f.LazyInitRegistration - [lazyInit,66] - lazy initialized org.camunda.bpm.spring.boot.starter.webapp.filter.LazySecurityFilter@6e466fdf
15:18:49.202 [main] - [] - INFO  o.c.bpm.container - [logInfo,132] - ENGINE-08026 No processes.xml file found in process application 'wrapperCamundaApp'
15:18:49.204 [main] - [] - INFO  o.c.bpm.container - [logInfo,132] - ENGINE-08050 Process application wrapperCamundaApp successfully deployed
15:18:49.206 [main] - [] - INFO  o.g.f.w.w.WrapperCamundaApp - [logStarted,61] - Started WrapperCamundaApp in 17.646 seconds (JVM running for 18.491)
15:18:49.207 [main] - [] - INFO  c.g.f.s.w.WebContext - [gatherUrlMapping,124] - Request Mappings: 

url = /v2/api-docs , method = springfox.documentation.swagger2.web.Swagger2ControllerWebMvc.getDocumentation
url = /swagger-resources/configuration/security , method = springfox.documentation.swagger.web.ApiResourceController.securityConfiguration
url = /swagger-resources/configuration/ui , method = springfox.documentation.swagger.web.ApiResourceController.uiConfiguration
url = /swagger-resources , method = springfox.documentation.swagger.web.ApiResourceController.swaggerResources
url = /service-camunda/camunda-user/get-by-id , method = org.github.foxnic.web.camunda.api.CamundaUserController.getById
url = /service-camunda/camunda-user/query-list , method = org.github.foxnic.web.camunda.api.CamundaUserController.queryList
url = /service-camunda/camunda-task/todo-tasks , method = org.github.foxnic.web.camunda.api.CamundaTaskController.getTodoTasks
url = /service-camunda/camunda-task/process-task , method = org.github.foxnic.web.camunda.api.CamundaTaskController.processTask
url = /service-camunda/camunda-task/query-tasks-by-process-instance-ids , method = org.github.foxnic.web.camunda.api.CamundaTaskController.queryTasksByProcessInstanceIds
url = /service-camunda/camunda-process/start , method = org.github.foxnic.web.camunda.api.CamundaProcessController.start
url = /service-camunda/camunda-process/query-by-ids , method = org.github.foxnic.web.camunda.api.CamundaProcessController.queryByIds
url = /service-camunda/camunda-process/abandon-process , method = org.github.foxnic.web.camunda.api.CamundaProcessController.abandonProcess
url = /service-camunda/camunda-tenant/create , method = org.github.foxnic.web.camunda.api.CamundaTenantController.create
url = /service-camunda/camunda-deploy/deploy , method = org.github.foxnic.web.camunda.api.CamundaDeployController.deploy
url = /v3/api-docs , method = springfox.documentation.oas.web.OpenApiControllerWebMvc.getDocumentation
url = /error , method = org.springframework.boot.autoconfigure.web.servlet.error.BasicErrorController.error
url = /error , method = org.springframework.boot.autoconfigure.web.servlet.error.BasicErrorController.errorHtml

15:18:49.207 [main] - [] - INFO  c.g.f.s.a.a.ApplicationAwareHandler - [onApplicationEvent,66] - url scan time : 1ms
15:18:49.209 [main] - [] - INFO  c.g.f.s.a.a.ApplicationAwareHandler - [onApplicationEvent,86] - 

======================== FOX-NIC-WEB IS READY ========================
	Internal Version				1.6.2-20211214
	Machine Id						76C24FBF9BD15F8A
	Process Id						84120
	Application Name				service-bpm
	Active Profile					default
	Port							8099
	Boot Time						16s
	Visit Local						http://127.0.0.1:8099/
	Visit LAN(0)					http://192.168.10.10:8099/
======================== FOX-NIC-WEB IS READY ========================

15:18:49.210 [simple-parallel-task] - [] - INFO  o.g.f.w.f.d.DeployMonitor - [regist,57] - start monitor view-console@ /Users/lankl/IdeaProjects/eam/eam/view/view-console
15:18:49.213 [simple-parallel-task] - [] - INFO  o.g.f.w.f.d.DeployMonitor - [regist,72] - deploy is ready on 3 dirs
15:18:49.219 [main] - [] - INFO  c.g.f.c.c.t.QuartzTaskManager - [initScheduler,86] - TaskScheduler Startup
15:18:49.221 [main] - [] - INFO  o.c.b.e.jobexecutor - [logInfo,132] - ENGINE-14014 Starting up the JobExecutor[org.camunda.bpm.engine.spring.components.jobexecutor.SpringJobExecutor].
15:18:49.222 [JobExecutor[org.camunda.bpm.engine.spring.components.jobexecutor.SpringJobExecutor]] - [] - INFO  o.c.b.e.jobexecutor - [logInfo,132] - ENGINE-14018 JobExecutor[org.camunda.bpm.engine.spring.components.jobexecutor.SpringJobExecutor] starting to acquire jobs
15:18:49.334 [simple-parallel-task] - [] - INFO  c.g.f.d.s.SQLPrinter - [printIn,123] - 
┏━━━━━ SQL [ select concat(datacenter_id,'-',worker_id) dw  from sys_node where is_up=1 and... ] ━━━━━ 
┣ 语句：select concat(datacenter_id,'-',worker_id) dw  from sys_node where is_up=1 and datacenter_id is not null and worker_id is not null
┣ 参数：{}
┣ 执行：select concat(datacenter_id,'-',worker_id) dw  from sys_node where is_up=1 and datacenter_id is not null and worker_id is not null
┣ 结果： 
┣━ 耗时：18ms , start = 1655709529313
┣━ 返回：RcdSet,size=1
┣ 调用栈：
    org.github.foxnic.web.framework.starter.StartupRegister.registerSnowflake(StartupRegister.java:132)
    org.github.foxnic.web.framework.starter.StartupRegister.register(StartupRegister.java:119)
    org.github.foxnic.web.framework.starter.StartupRegister.access$100(StartupRegister.java:24)
┣ TID：null
┗━━━━━ SQL [ select concat(datacenter_id,'-',worker_id) dw  from sys_node where is_up=1 and... ] ━━━━━ 

15:18:49.350 [simple-parallel-task] - [] - INFO  c.g.f.d.s.SQLPrinter - [printIn,123] - 
┏━━━━━ SQL [ UPDATE sys_node SET datacenter_id = :PARAM_1 , worker_id = :PARAM_2 WHERE id= ... ] ━━━━━ 
┣ 语句：UPDATE sys_node SET datacenter_id = ? , worker_id = ? WHERE id= ?
┣ 参数：{"PARAM_1":0,"PARAM_3":"cb-205023288a-fc94","PARAM_2":1}
┣ 执行：UPDATE sys_node SET datacenter_id = 0 , worker_id = 1 WHERE id= 'cb-205023288a-fc94'
┣ 结果： 
┣━ 耗时：15ms , start = 1655709529335
┣━ 返回：java.lang.Integer
┣ 调用栈：
    org.github.foxnic.web.framework.starter.StartupRegister.registerSnowflake(StartupRegister.java:159)
    org.github.foxnic.web.framework.starter.StartupRegister.register(StartupRegister.java:119)
    org.github.foxnic.web.framework.starter.StartupRegister.access$100(StartupRegister.java:24)
┣ TID：null
┗━━━━━ SQL [ UPDATE sys_node SET datacenter_id = :PARAM_1 , worker_id = :PARAM_2 WHERE id= ... ] ━━━━━ 

15:19:00.070 [job-manager_Worker-1] - [] - INFO  o.g.f.w.f.c.ClusterProxy - [request,137] - 

post http://127.0.0.1:8089/service-system/sys-tenant/query-list
{"compositeParameter":{"fuzzyFields":[]}}

15:19:00.657 [job-manager_Worker-1] - [] - INFO  o.g.f.w.f.c.ClusterProxy - [request,137] - 

post http://127.0.0.1:8089/service-system/sys-busi-role/query-list
{"compositeParameter":{"fuzzyFields":[]}}

15:19:02.056 [job-manager_Worker-1] - [] - INFO  o.g.f.w.f.c.ClusterProxy - [request,137] - 

post http://127.0.0.1:8089/service-system/sys-config/get-by-code
{"code":"system.password.default"}

15:19:02.181 [job-manager_Worker-1] - [] - INFO  o.g.f.w.f.c.ClusterProxy - [request,137] - 

post http://127.0.0.1:8089/service-oauth/sys-user/query-list
{"compositeParameter":{"fuzzyFields":[]}}

15:19:30.005 [job-manager_Worker-2] - [] - INFO  o.g.f.w.f.c.ClusterProxy - [request,137] - 

post http://127.0.0.1:8089/service-system/sys-tenant/query-list
{"compositeParameter":{"fuzzyFields":[]}}

15:19:30.167 [job-manager_Worker-2] - [] - INFO  o.g.f.w.f.c.ClusterProxy - [request,137] - 

post http://127.0.0.1:8089/service-system/sys-busi-role/query-list
{"compositeParameter":{"fuzzyFields":[]}}

15:19:30.906 [job-manager_Worker-2] - [] - INFO  o.g.f.w.f.c.ClusterProxy - [request,137] - 

post http://127.0.0.1:8089/service-system/sys-config/get-by-code
{"code":"system.password.default"}

15:19:30.910 [job-manager_Worker-2] - [] - INFO  o.g.f.w.f.c.ClusterProxy - [request,137] - 

post http://127.0.0.1:8089/service-oauth/sys-user/query-list
{"compositeParameter":{"fuzzyFields":[]}}

15:20:00.006 [job-manager_Worker-3] - [] - INFO  o.g.f.w.f.c.ClusterProxy - [request,137] - 

post http://127.0.0.1:8089/service-system/sys-tenant/query-list
{"compositeParameter":{"fuzzyFields":[]}}

15:20:00.196 [job-manager_Worker-3] - [] - INFO  o.g.f.w.f.c.ClusterProxy - [request,137] - 

post http://127.0.0.1:8089/service-system/sys-busi-role/query-list
{"compositeParameter":{"fuzzyFields":[]}}

15:20:00.957 [job-manager_Worker-3] - [] - INFO  o.g.f.w.f.c.ClusterProxy - [request,137] - 

post http://127.0.0.1:8089/service-system/sys-config/get-by-code
{"code":"system.password.default"}

15:20:00.968 [job-manager_Worker-3] - [] - INFO  o.g.f.w.f.c.ClusterProxy - [request,137] - 

post http://127.0.0.1:8089/service-oauth/sys-user/query-list
{"compositeParameter":{"fuzzyFields":[]}}

15:20:30.007 [job-manager_Worker-4] - [] - INFO  o.g.f.w.f.c.ClusterProxy - [request,137] - 

post http://127.0.0.1:8089/service-system/sys-tenant/query-list
{"compositeParameter":{"fuzzyFields":[]}}

15:20:30.393 [job-manager_Worker-4] - [] - INFO  o.g.f.w.f.c.ClusterProxy - [request,137] - 

post http://127.0.0.1:8089/service-system/sys-busi-role/query-list
{"compositeParameter":{"fuzzyFields":[]}}

15:20:31.489 [job-manager_Worker-4] - [] - INFO  o.g.f.w.f.c.ClusterProxy - [request,137] - 

post http://127.0.0.1:8089/service-system/sys-config/get-by-code
{"code":"system.password.default"}

15:20:31.519 [job-manager_Worker-4] - [] - INFO  o.g.f.w.f.c.ClusterProxy - [request,137] - 

post http://127.0.0.1:8089/service-oauth/sys-user/query-list
{"compositeParameter":{"fuzzyFields":[]}}

15:21:00.007 [job-manager_Worker-5] - [] - INFO  o.g.f.w.f.c.ClusterProxy - [request,137] - 

post http://127.0.0.1:8089/service-system/sys-tenant/query-list
{"compositeParameter":{"fuzzyFields":[]}}

15:21:00.237 [job-manager_Worker-5] - [] - INFO  o.g.f.w.f.c.ClusterProxy - [request,137] - 

post http://127.0.0.1:8089/service-system/sys-busi-role/query-list
{"compositeParameter":{"fuzzyFields":[]}}

15:21:01.161 [job-manager_Worker-5] - [] - INFO  o.g.f.w.f.c.ClusterProxy - [request,137] - 

post http://127.0.0.1:8089/service-system/sys-config/get-by-code
{"code":"system.password.default"}

15:21:01.180 [job-manager_Worker-5] - [] - INFO  o.g.f.w.f.c.ClusterProxy - [request,137] - 

post http://127.0.0.1:8089/service-oauth/sys-user/query-list
{"compositeParameter":{"fuzzyFields":[]}}

15:21:30.006 [job-manager_Worker-6] - [] - INFO  o.g.f.w.f.c.ClusterProxy - [request,137] - 

post http://127.0.0.1:8089/service-system/sys-tenant/query-list
{"compositeParameter":{"fuzzyFields":[]}}

15:21:30.207 [job-manager_Worker-6] - [] - INFO  o.g.f.w.f.c.ClusterProxy - [request,137] - 

post http://127.0.0.1:8089/service-system/sys-busi-role/query-list
{"compositeParameter":{"fuzzyFields":[]}}

15:21:31.051 [job-manager_Worker-6] - [] - INFO  o.g.f.w.f.c.ClusterProxy - [request,137] - 

post http://127.0.0.1:8089/service-system/sys-config/get-by-code
{"code":"system.password.default"}

15:21:31.063 [job-manager_Worker-6] - [] - INFO  o.g.f.w.f.c.ClusterProxy - [request,137] - 

post http://127.0.0.1:8089/service-oauth/sys-user/query-list
{"compositeParameter":{"fuzzyFields":[]}}

15:22:00.008 [job-manager_Worker-7] - [] - INFO  o.g.f.w.f.c.ClusterProxy - [request,137] - 

post http://127.0.0.1:8089/service-system/sys-tenant/query-list
{"compositeParameter":{"fuzzyFields":[]}}

15:22:00.196 [job-manager_Worker-7] - [] - INFO  o.g.f.w.f.c.ClusterProxy - [request,137] - 

post http://127.0.0.1:8089/service-system/sys-busi-role/query-list
{"compositeParameter":{"fuzzyFields":[]}}

15:22:01.107 [job-manager_Worker-7] - [] - INFO  o.g.f.w.f.c.ClusterProxy - [request,137] - 

post http://127.0.0.1:8089/service-system/sys-config/get-by-code
{"code":"system.password.default"}

15:22:01.118 [job-manager_Worker-7] - [] - INFO  o.g.f.w.f.c.ClusterProxy - [request,137] - 

post http://127.0.0.1:8089/service-oauth/sys-user/query-list
{"compositeParameter":{"fuzzyFields":[]}}

15:22:30.002 [job-manager_Worker-8] - [] - INFO  o.g.f.w.f.c.ClusterProxy - [request,137] - 

post http://127.0.0.1:8089/service-system/sys-tenant/query-list
{"compositeParameter":{"fuzzyFields":[]}}

15:22:30.320 [job-manager_Worker-8] - [] - INFO  o.g.f.w.f.c.ClusterProxy - [request,137] - 

post http://127.0.0.1:8089/service-system/sys-busi-role/query-list
{"compositeParameter":{"fuzzyFields":[]}}

15:22:31.407 [job-manager_Worker-8] - [] - INFO  o.g.f.w.f.c.ClusterProxy - [request,137] - 

post http://127.0.0.1:8089/service-system/sys-config/get-by-code
{"code":"system.password.default"}

15:22:31.420 [job-manager_Worker-8] - [] - INFO  o.g.f.w.f.c.ClusterProxy - [request,137] - 

post http://127.0.0.1:8089/service-oauth/sys-user/query-list
{"compositeParameter":{"fuzzyFields":[]}}

15:23:00.006 [job-manager_Worker-9] - [] - INFO  o.g.f.w.f.c.ClusterProxy - [request,137] - 

post http://127.0.0.1:8089/service-system/sys-tenant/query-list
{"compositeParameter":{"fuzzyFields":[]}}

15:23:00.243 [job-manager_Worker-9] - [] - INFO  o.g.f.w.f.c.ClusterProxy - [request,137] - 

post http://127.0.0.1:8089/service-system/sys-busi-role/query-list
{"compositeParameter":{"fuzzyFields":[]}}

15:23:01.169 [job-manager_Worker-9] - [] - INFO  o.g.f.w.f.c.ClusterProxy - [request,137] - 

post http://127.0.0.1:8089/service-system/sys-config/get-by-code
{"code":"system.password.default"}

15:23:01.190 [job-manager_Worker-9] - [] - INFO  o.g.f.w.f.c.ClusterProxy - [request,137] - 

post http://127.0.0.1:8089/service-oauth/sys-user/query-list
{"compositeParameter":{"fuzzyFields":[]}}

15:23:30.004 [job-manager_Worker-10] - [] - INFO  o.g.f.w.f.c.ClusterProxy - [request,137] - 

post http://127.0.0.1:8089/service-system/sys-tenant/query-list
{"compositeParameter":{"fuzzyFields":[]}}

15:23:30.205 [job-manager_Worker-10] - [] - INFO  o.g.f.w.f.c.ClusterProxy - [request,137] - 

post http://127.0.0.1:8089/service-system/sys-busi-role/query-list
{"compositeParameter":{"fuzzyFields":[]}}

15:23:31.017 [job-manager_Worker-10] - [] - INFO  o.g.f.w.f.c.ClusterProxy - [request,137] - 

post http://127.0.0.1:8089/service-system/sys-config/get-by-code
{"code":"system.password.default"}

15:23:31.028 [job-manager_Worker-10] - [] - INFO  o.g.f.w.f.c.ClusterProxy - [request,137] - 

post http://127.0.0.1:8089/service-oauth/sys-user/query-list
{"compositeParameter":{"fuzzyFields":[]}}

15:24:00.003 [job-manager_Worker-11] - [] - INFO  o.g.f.w.f.c.ClusterProxy - [request,137] - 

post http://127.0.0.1:8089/service-system/sys-tenant/query-list
{"compositeParameter":{"fuzzyFields":[]}}

15:24:00.198 [job-manager_Worker-11] - [] - INFO  o.g.f.w.f.c.ClusterProxy - [request,137] - 

post http://127.0.0.1:8089/service-system/sys-busi-role/query-list
{"compositeParameter":{"fuzzyFields":[]}}

15:24:01.156 [job-manager_Worker-11] - [] - INFO  o.g.f.w.f.c.ClusterProxy - [request,137] - 

post http://127.0.0.1:8089/service-system/sys-config/get-by-code
{"code":"system.password.default"}

15:24:01.167 [job-manager_Worker-11] - [] - INFO  o.g.f.w.f.c.ClusterProxy - [request,137] - 

post http://127.0.0.1:8089/service-oauth/sys-user/query-list
{"compositeParameter":{"fuzzyFields":[]}}

15:24:30.006 [job-manager_Worker-12] - [] - INFO  o.g.f.w.f.c.ClusterProxy - [request,137] - 

post http://127.0.0.1:8089/service-system/sys-tenant/query-list
{"compositeParameter":{"fuzzyFields":[]}}

15:24:30.186 [job-manager_Worker-12] - [] - INFO  o.g.f.w.f.c.ClusterProxy - [request,137] - 

post http://127.0.0.1:8089/service-system/sys-busi-role/query-list
{"compositeParameter":{"fuzzyFields":[]}}

15:24:31.012 [job-manager_Worker-12] - [] - INFO  o.g.f.w.f.c.ClusterProxy - [request,137] - 

post http://127.0.0.1:8089/service-system/sys-config/get-by-code
{"code":"system.password.default"}

15:24:31.024 [job-manager_Worker-12] - [] - INFO  o.g.f.w.f.c.ClusterProxy - [request,137] - 

post http://127.0.0.1:8089/service-oauth/sys-user/query-list
{"compositeParameter":{"fuzzyFields":[]}}

15:25:00.007 [job-manager_Worker-13] - [] - INFO  o.g.f.w.f.c.ClusterProxy - [request,137] - 

post http://127.0.0.1:8089/service-system/sys-tenant/query-list
{"compositeParameter":{"fuzzyFields":[]}}

15:25:00.325 [job-manager_Worker-13] - [] - INFO  o.g.f.w.f.c.ClusterProxy - [request,137] - 

post http://127.0.0.1:8089/service-system/sys-busi-role/query-list
{"compositeParameter":{"fuzzyFields":[]}}

15:25:01.465 [job-manager_Worker-13] - [] - INFO  o.g.f.w.f.c.ClusterProxy - [request,137] - 

post http://127.0.0.1:8089/service-system/sys-config/get-by-code
{"code":"system.password.default"}

15:25:01.495 [job-manager_Worker-13] - [] - INFO  o.g.f.w.f.c.ClusterProxy - [request,137] - 

post http://127.0.0.1:8089/service-oauth/sys-user/query-list
{"compositeParameter":{"fuzzyFields":[]}}

15:25:30.006 [job-manager_Worker-14] - [] - INFO  o.g.f.w.f.c.ClusterProxy - [request,137] - 

post http://127.0.0.1:8089/service-system/sys-tenant/query-list
{"compositeParameter":{"fuzzyFields":[]}}

15:25:30.184 [job-manager_Worker-14] - [] - INFO  o.g.f.w.f.c.ClusterProxy - [request,137] - 

post http://127.0.0.1:8089/service-system/sys-busi-role/query-list
{"compositeParameter":{"fuzzyFields":[]}}

15:25:31.010 [job-manager_Worker-14] - [] - INFO  o.g.f.w.f.c.ClusterProxy - [request,137] - 

post http://127.0.0.1:8089/service-system/sys-config/get-by-code
{"code":"system.password.default"}

15:25:31.019 [job-manager_Worker-14] - [] - INFO  o.g.f.w.f.c.ClusterProxy - [request,137] - 

post http://127.0.0.1:8089/service-oauth/sys-user/query-list
{"compositeParameter":{"fuzzyFields":[]}}

15:26:00.008 [job-manager_Worker-15] - [] - INFO  o.g.f.w.f.c.ClusterProxy - [request,137] - 

post http://127.0.0.1:8089/service-system/sys-tenant/query-list
{"compositeParameter":{"fuzzyFields":[]}}

15:26:00.182 [job-manager_Worker-15] - [] - INFO  o.g.f.w.f.c.ClusterProxy - [request,137] - 

post http://127.0.0.1:8089/service-system/sys-busi-role/query-list
{"compositeParameter":{"fuzzyFields":[]}}

15:26:00.981 [job-manager_Worker-15] - [] - INFO  o.g.f.w.f.c.ClusterProxy - [request,137] - 

post http://127.0.0.1:8089/service-system/sys-config/get-by-code
{"code":"system.password.default"}

15:26:00.992 [job-manager_Worker-15] - [] - INFO  o.g.f.w.f.c.ClusterProxy - [request,137] - 

post http://127.0.0.1:8089/service-oauth/sys-user/query-list
{"compositeParameter":{"fuzzyFields":[]}}

15:26:30.008 [job-manager_Worker-16] - [] - INFO  o.g.f.w.f.c.ClusterProxy - [request,137] - 

post http://127.0.0.1:8089/service-system/sys-tenant/query-list
{"compositeParameter":{"fuzzyFields":[]}}

15:26:30.208 [job-manager_Worker-16] - [] - INFO  o.g.f.w.f.c.ClusterProxy - [request,137] - 

post http://127.0.0.1:8089/service-system/sys-busi-role/query-list
{"compositeParameter":{"fuzzyFields":[]}}

15:26:31.004 [job-manager_Worker-16] - [] - INFO  o.g.f.w.f.c.ClusterProxy - [request,137] - 

post http://127.0.0.1:8089/service-system/sys-config/get-by-code
{"code":"system.password.default"}

15:26:31.029 [job-manager_Worker-16] - [] - INFO  o.g.f.w.f.c.ClusterProxy - [request,137] - 

post http://127.0.0.1:8089/service-oauth/sys-user/query-list
{"compositeParameter":{"fuzzyFields":[]}}

15:27:00.003 [job-manager_Worker-1] - [] - INFO  o.g.f.w.f.c.ClusterProxy - [request,137] - 

post http://127.0.0.1:8089/service-system/sys-tenant/query-list
{"compositeParameter":{"fuzzyFields":[]}}

15:27:00.223 [job-manager_Worker-1] - [] - INFO  o.g.f.w.f.c.ClusterProxy - [request,137] - 

post http://127.0.0.1:8089/service-system/sys-busi-role/query-list
{"compositeParameter":{"fuzzyFields":[]}}

15:27:01.066 [job-manager_Worker-1] - [] - INFO  o.g.f.w.f.c.ClusterProxy - [request,137] - 

post http://127.0.0.1:8089/service-system/sys-config/get-by-code
{"code":"system.password.default"}

15:27:01.078 [job-manager_Worker-1] - [] - INFO  o.g.f.w.f.c.ClusterProxy - [request,137] - 

post http://127.0.0.1:8089/service-oauth/sys-user/query-list
{"compositeParameter":{"fuzzyFields":[]}}

15:27:30.007 [job-manager_Worker-2] - [] - INFO  o.g.f.w.f.c.ClusterProxy - [request,137] - 

post http://127.0.0.1:8089/service-system/sys-tenant/query-list
{"compositeParameter":{"fuzzyFields":[]}}

15:27:30.235 [job-manager_Worker-2] - [] - INFO  o.g.f.w.f.c.ClusterProxy - [request,137] - 

post http://127.0.0.1:8089/service-system/sys-busi-role/query-list
{"compositeParameter":{"fuzzyFields":[]}}

15:27:31.054 [job-manager_Worker-2] - [] - INFO  o.g.f.w.f.c.ClusterProxy - [request,137] - 

post http://127.0.0.1:8089/service-system/sys-config/get-by-code
{"code":"system.password.default"}

15:27:31.064 [job-manager_Worker-2] - [] - INFO  o.g.f.w.f.c.ClusterProxy - [request,137] - 

post http://127.0.0.1:8089/service-oauth/sys-user/query-list
{"compositeParameter":{"fuzzyFields":[]}}

15:28:00.010 [job-manager_Worker-3] - [] - INFO  o.g.f.w.f.c.ClusterProxy - [request,137] - 

post http://127.0.0.1:8089/service-system/sys-tenant/query-list
{"compositeParameter":{"fuzzyFields":[]}}

15:28:00.178 [job-manager_Worker-3] - [] - INFO  o.g.f.w.f.c.ClusterProxy - [request,137] - 

post http://127.0.0.1:8089/service-system/sys-busi-role/query-list
{"compositeParameter":{"fuzzyFields":[]}}

15:28:01.097 [job-manager_Worker-3] - [] - INFO  o.g.f.w.f.c.ClusterProxy - [request,137] - 

post http://127.0.0.1:8089/service-system/sys-config/get-by-code
{"code":"system.password.default"}

15:28:01.113 [job-manager_Worker-3] - [] - INFO  o.g.f.w.f.c.ClusterProxy - [request,137] - 

post http://127.0.0.1:8089/service-oauth/sys-user/query-list
{"compositeParameter":{"fuzzyFields":[]}}

15:28:30.008 [job-manager_Worker-4] - [] - INFO  o.g.f.w.f.c.ClusterProxy - [request,137] - 

post http://127.0.0.1:8089/service-system/sys-tenant/query-list
{"compositeParameter":{"fuzzyFields":[]}}

15:28:30.190 [job-manager_Worker-4] - [] - INFO  o.g.f.w.f.c.ClusterProxy - [request,137] - 

post http://127.0.0.1:8089/service-system/sys-busi-role/query-list
{"compositeParameter":{"fuzzyFields":[]}}

15:28:31.046 [job-manager_Worker-4] - [] - INFO  o.g.f.w.f.c.ClusterProxy - [request,137] - 

post http://127.0.0.1:8089/service-system/sys-config/get-by-code
{"code":"system.password.default"}

15:28:31.056 [job-manager_Worker-4] - [] - INFO  o.g.f.w.f.c.ClusterProxy - [request,137] - 

post http://127.0.0.1:8089/service-oauth/sys-user/query-list
{"compositeParameter":{"fuzzyFields":[]}}

15:28:36.752 [SpringContextShutdownHook] - [] - INFO  o.c.bpm.container - [logInfo,132] - ENGINE-08051 Process application wrapperCamundaApp undeployed
15:28:37.116 [SpringContextShutdownHook] - [] - INFO  o.c.b.e.jobexecutor - [logInfo,132] - ENGINE-14015 Shutting down the JobExecutor[org.camunda.bpm.engine.spring.components.jobexecutor.SpringJobExecutor]
15:28:37.117 [JobExecutor[org.camunda.bpm.engine.spring.components.jobexecutor.SpringJobExecutor]] - [] - INFO  o.c.b.e.jobexecutor - [logInfo,132] - ENGINE-14020 JobExecutor[org.camunda.bpm.engine.spring.components.jobexecutor.SpringJobExecutor] stopped job acquisition
15:28:37.166 [SpringContextShutdownHook] - [] - INFO  o.camunda.bpm.engine - [logInfo,132] - ENGINE-00007 Process Engine default closed
